Symlinking /home/frankaros/TFG_Percepcion_visual_de_objetos_y_humanos_para_tareas_de_manipulacion_colaborativas/ws_davidpacios/devel/share/moveit_ros_perception/cmake/moveit_ros_perceptionConfig.cmake
Symlinking /home/frankaros/TFG_Percepcion_visual_de_objetos_y_humanos_para_tareas_de_manipulacion_colaborativas/ws_davidpacios/devel/share/moveit_ros_perception/cmake/moveit_ros_perceptionConfig-version.cmake
Symlinking /home/frankaros/TFG_Percepcion_visual_de_objetos_y_humanos_para_tareas_de_manipulacion_colaborativas/ws_davidpacios/devel/lib/libmoveit_pointcloud_octomap_updater.so.1.1.13
Symlinking /home/frankaros/TFG_Percepcion_visual_de_objetos_y_humanos_para_tareas_de_manipulacion_colaborativas/ws_davidpacios/devel/lib/libmoveit_lazy_free_space_updater.so
Symlinking /home/frankaros/TFG_Percepcion_visual_de_objetos_y_humanos_para_tareas_de_manipulacion_colaborativas/ws_davidpacios/devel/lib/libmoveit_depth_self_filter.so
Symlinking /home/frankaros/TFG_Percepcion_visual_de_objetos_y_humanos_para_tareas_de_manipulacion_colaborativas/ws_davidpacios/devel/lib/libmoveit_point_containment_filter.so
Symlinking /home/frankaros/TFG_Percepcion_visual_de_objetos_y_humanos_para_tareas_de_manipulacion_colaborativas/ws_davidpacios/devel/lib/libmoveit_lazy_free_space_updater.so.1.1.13
Symlinking /home/frankaros/TFG_Percepcion_visual_de_objetos_y_humanos_para_tareas_de_manipulacion_colaborativas/ws_davidpacios/devel/lib/libmoveit_semantic_world.so
Symlinking /home/frankaros/TFG_Percepcion_visual_de_objetos_y_humanos_para_tareas_de_manipulacion_colaborativas/ws_davidpacios/devel/lib/libmoveit_depth_image_octomap_updater.so.1.1.13
Symlinking /home/frankaros/TFG_Percepcion_visual_de_objetos_y_humanos_para_tareas_de_manipulacion_colaborativas/ws_davidpacios/devel/lib/libmoveit_depth_image_octomap_updater_core.so.1.1.13
Symlinking /home/frankaros/TFG_Percepcion_visual_de_objetos_y_humanos_para_tareas_de_manipulacion_colaborativas/ws_davidpacios/devel/lib/libmoveit_pointcloud_octomap_updater_core.so
Symlinking /home/frankaros/TFG_Percepcion_visual_de_objetos_y_humanos_para_tareas_de_manipulacion_colaborativas/ws_davidpacios/devel/lib/libmoveit_point_containment_filter.so.1.1.13
Symlinking /home/frankaros/TFG_Percepcion_visual_de_objetos_y_humanos_para_tareas_de_manipulacion_colaborativas/ws_davidpacios/devel/lib/libmoveit_depth_image_octomap_updater_core.so
Symlinking /home/frankaros/TFG_Percepcion_visual_de_objetos_y_humanos_para_tareas_de_manipulacion_colaborativas/ws_davidpacios/devel/lib/libmoveit_mesh_filter.so
Symlinking /home/frankaros/TFG_Percepcion_visual_de_objetos_y_humanos_para_tareas_de_manipulacion_colaborativas/ws_davidpacios/devel/lib/libmoveit_pointcloud_octomap_updater_core.so.1.1.13
Symlinking /home/frankaros/TFG_Percepcion_visual_de_objetos_y_humanos_para_tareas_de_manipulacion_colaborativas/ws_davidpacios/devel/lib/libmoveit_depth_image_octomap_updater.so
Symlinking /home/frankaros/TFG_Percepcion_visual_de_objetos_y_humanos_para_tareas_de_manipulacion_colaborativas/ws_davidpacios/devel/lib/libmoveit_mesh_filter.so.1.1.13
Symlinking /home/frankaros/TFG_Percepcion_visual_de_objetos_y_humanos_para_tareas_de_manipulacion_colaborativas/ws_davidpacios/devel/lib/libmoveit_depth_self_filter.so.1.1.13
Symlinking /home/frankaros/TFG_Percepcion_visual_de_objetos_y_humanos_para_tareas_de_manipulacion_colaborativas/ws_davidpacios/devel/lib/libmoveit_pointcloud_octomap_updater.so
Symlinking /home/frankaros/TFG_Percepcion_visual_de_objetos_y_humanos_para_tareas_de_manipulacion_colaborativas/ws_davidpacios/devel/lib/libmoveit_semantic_world.so.1.1.13
Symlinking /home/frankaros/TFG_Percepcion_visual_de_objetos_y_humanos_para_tareas_de_manipulacion_colaborativas/ws_davidpacios/devel/lib/pkgconfig/moveit_ros_perception.pc
