[  0%] Built target sensor_msgs_generate_messages_eus
[  0%] Built target sensor_msgs_generate_messages_cpp
[  0%] Built target sensor_msgs_generate_messages_nodejs
[  0%] Built target std_msgs_generate_messages_py
[  0%] Built target sensor_msgs_generate_messages_lisp
[  0%] Built target geometry_msgs_generate_messages_eus
[  0%] Built target sensor_msgs_generate_messages_py
[  0%] Built target geometry_msgs_generate_messages_cpp
[  0%] Built target geometry_msgs_generate_messages_lisp
[  0%] Built target geometry_msgs_generate_messages_py
[  0%] Built target std_msgs_generate_messages_cpp
[  0%] Built target std_msgs_generate_messages_eus
[  0%] Built target std_msgs_generate_messages_lisp
[  0%] Built target geometry_msgs_generate_messages_nodejs
[  4%] [32mBuilding CXX object point_containment_filter/CMakeFiles/moveit_point_containment_filter.dir/src/shape_mask.cpp.o[0m
[  4%] Built target std_msgs_generate_messages_nodejs
[  8%] [32mBuilding CXX object mesh_filter/CMakeFiles/moveit_mesh_filter.dir/src/mesh_filter_base.cpp.o[0m
[  8%] Built target bond_generate_messages_py
[  8%] Built target shape_msgs_generate_messages_cpp
[  8%] Built target shape_msgs_generate_messages_eus
[  8%] Built target shape_msgs_generate_messages_py
[  8%] Built target shape_msgs_generate_messages_lisp
[ 13%] [32mBuilding CXX object mesh_filter/CMakeFiles/moveit_mesh_filter.dir/src/sensor_model.cpp.o[0m
[ 13%] Built target shape_msgs_generate_messages_nodejs
[ 17%] [32mBuilding CXX object mesh_filter/CMakeFiles/moveit_mesh_filter.dir/src/stereo_camera_model.cpp.o[0m
[ 17%] Built target visualization_msgs_generate_messages_cpp
[ 17%] Built target visualization_msgs_generate_messages_eus
[ 17%] Built target visualization_msgs_generate_messages_lisp
[ 21%] [32mBuilding CXX object mesh_filter/CMakeFiles/moveit_mesh_filter.dir/src/gl_renderer.cpp.o[0m
[ 21%] Built target visualization_msgs_generate_messages_nodejs
[ 26%] [32mBuilding CXX object mesh_filter/CMakeFiles/moveit_mesh_filter.dir/src/gl_mesh.cpp.o[0m
[ 26%] Built target roscpp_generate_messages_cpp
[ 26%] Built target visualization_msgs_generate_messages_py
[ 26%] Built target roscpp_generate_messages_eus
[ 26%] Built target roscpp_generate_messages_lisp
[ 26%] Built target roscpp_generate_messages_nodejs
[ 26%] Built target roscpp_generate_messages_py
[ 26%] Built target rosgraph_msgs_generate_messages_cpp
[ 26%] Built target rosgraph_msgs_generate_messages_eus
[ 26%] Built target rosgraph_msgs_generate_messages_lisp
[ 26%] Built target rosgraph_msgs_generate_messages_nodejs
[ 26%] Built target rosgraph_msgs_generate_messages_py
[ 26%] Built target moveit_msgs_generate_messages_cpp
[ 26%] Built target moveit_msgs_generate_messages_eus
[ 26%] Built target moveit_msgs_generate_messages_lisp
[ 26%] Built target moveit_msgs_generate_messages_nodejs
[ 26%] Built target moveit_msgs_generate_messages_py
[ 26%] Built target actionlib_msgs_generate_messages_cpp
[ 26%] Built target actionlib_msgs_generate_messages_lisp
[ 26%] Built target actionlib_msgs_generate_messages_eus
[ 26%] Built target actionlib_msgs_generate_messages_nodejs
[ 26%] Built target actionlib_msgs_generate_messages_py
[ 26%] Built target trajectory_msgs_generate_messages_cpp
[ 26%] Built target trajectory_msgs_generate_messages_eus
[ 26%] Built target trajectory_msgs_generate_messages_lisp
[ 26%] Built target trajectory_msgs_generate_messages_nodejs
[ 26%] Built target trajectory_msgs_generate_messages_py
[ 26%] Built target object_recognition_msgs_generate_messages_cpp
[ 26%] Built target object_recognition_msgs_generate_messages_eus
[ 26%] Built target object_recognition_msgs_generate_messages_lisp
[ 26%] Built target object_recognition_msgs_generate_messages_nodejs
[ 26%] Built target object_recognition_msgs_generate_messages_py
[ 26%] Built target octomap_msgs_generate_messages_cpp
[ 26%] Built target octomap_msgs_generate_messages_eus
[ 26%] Built target octomap_msgs_generate_messages_lisp
[ 26%] Built target octomap_msgs_generate_messages_nodejs
[ 26%] Built target octomap_msgs_generate_messages_py
[ 26%] Built target tf2_msgs_generate_messages_cpp
[ 26%] Built target tf2_msgs_generate_messages_lisp
[ 26%] Built target tf2_msgs_generate_messages_eus
[ 26%] Built target tf2_msgs_generate_messages_py
[ 26%] Built target tf2_msgs_generate_messages_nodejs
[ 26%] Built target actionlib_generate_messages_cpp
[ 26%] Built target actionlib_generate_messages_eus
[ 26%] Built target actionlib_generate_messages_lisp
[ 26%] Built target actionlib_generate_messages_nodejs
[ 26%] Built target actionlib_generate_messages_py
[ 26%] Built target moveit_ros_planning_gencfg
[ 26%] Built target dynamic_reconfigure_generate_messages_cpp
[ 26%] Built target dynamic_reconfigure_generate_messages_eus
[ 26%] Built target dynamic_reconfigure_generate_messages_lisp
[ 26%] Built target dynamic_reconfigure_generate_messages_nodejs
[ 26%] Built target dynamic_reconfigure_generate_messages_py
[ 26%] Built target dynamic_reconfigure_gencfg
[ 26%] Built target nodelet_generate_messages_cpp
[ 26%] Built target nodelet_generate_messages_eus
[ 26%] Built target nodelet_generate_messages_lisp
[ 26%] Built target nodelet_generate_messages_nodejs
[ 26%] Built target nodelet_generate_messages_py
[ 26%] Built target bond_generate_messages_cpp
[ 26%] Built target bond_generate_messages_eus
[ 26%] Built target bond_generate_messages_lisp
[ 26%] Built target bond_generate_messages_nodejs
[ 30%] [32mBuilding CXX object lazy_free_space_updater/CMakeFiles/moveit_lazy_free_space_updater.dir/src/lazy_free_space_updater.cpp.o[0m
[ 34%] [32mBuilding CXX object semantic_world/CMakeFiles/moveit_semantic_world.dir/src/semantic_world.cpp.o[0m
[ 39%] [32m[1mLinking CXX shared library /home/frankaros/TFG_Percepcion_visual_de_objetos_y_humanos_para_tareas_de_manipulacion_colaborativas/ws_davidpacios/devel/.private/moveit_ros_perception/lib/libmoveit_mesh_filter.so[0m
[ 39%] Built target moveit_mesh_filter
[ 47%] [32mBuilding CXX object mesh_filter/CMakeFiles/moveit_depth_self_filter.dir/src/depth_self_filter_nodelet.cpp.o[0m
[ 47%] [32mBuilding CXX object mesh_filter/CMakeFiles/moveit_depth_self_filter.dir/src/transform_provider.cpp.o[0m
[ 52%] [32m[1mLinking CXX shared library /home/frankaros/TFG_Percepcion_visual_de_objetos_y_humanos_para_tareas_de_manipulacion_colaborativas/ws_davidpacios/devel/.private/moveit_ros_perception/lib/libmoveit_point_containment_filter.so[0m
[ 52%] Built target moveit_point_containment_filter
[ 56%] [32mBuilding CXX object pointcloud_octomap_updater/CMakeFiles/moveit_pointcloud_octomap_updater_core.dir/src/pointcloud_octomap_updater.cpp.o[0m
[ 60%] [32m[1mLinking CXX shared library /home/frankaros/TFG_Percepcion_visual_de_objetos_y_humanos_para_tareas_de_manipulacion_colaborativas/ws_davidpacios/devel/.private/moveit_ros_perception/lib/libmoveit_lazy_free_space_updater.so[0m
[ 60%] Built target moveit_lazy_free_space_updater
[ 65%] [32mBuilding CXX object depth_image_octomap_updater/CMakeFiles/moveit_depth_image_octomap_updater_core.dir/src/depth_image_octomap_updater.cpp.o[0m
[ 69%] [32m[1mLinking CXX shared library /home/frankaros/TFG_Percepcion_visual_de_objetos_y_humanos_para_tareas_de_manipulacion_colaborativas/ws_davidpacios/devel/.private/moveit_ros_perception/lib/libmoveit_semantic_world.so[0m
[ 69%] Built target moveit_semantic_world
[ 73%] [32m[1mLinking CXX shared library /home/frankaros/TFG_Percepcion_visual_de_objetos_y_humanos_para_tareas_de_manipulacion_colaborativas/ws_davidpacios/devel/.private/moveit_ros_perception/lib/libmoveit_depth_image_octomap_updater_core.so[0m
[ 78%] [32m[1mLinking CXX shared library /home/frankaros/TFG_Percepcion_visual_de_objetos_y_humanos_para_tareas_de_manipulacion_colaborativas/ws_davidpacios/devel/.private/moveit_ros_perception/lib/libmoveit_depth_self_filter.so[0m
[ 78%] Built target moveit_depth_image_octomap_updater_core
[ 82%] [32mBuilding CXX object depth_image_octomap_updater/CMakeFiles/moveit_depth_image_octomap_updater.dir/src/updater_plugin.cpp.o[0m
[ 86%] [32m[1mLinking CXX shared library /home/frankaros/TFG_Percepcion_visual_de_objetos_y_humanos_para_tareas_de_manipulacion_colaborativas/ws_davidpacios/devel/.private/moveit_ros_perception/lib/libmoveit_pointcloud_octomap_updater_core.so[0m
[ 86%] Built target moveit_depth_self_filter
[ 86%] Built target moveit_pointcloud_octomap_updater_core
[ 91%] [32mBuilding CXX object pointcloud_octomap_updater/CMakeFiles/moveit_pointcloud_octomap_updater.dir/src/plugin_init.cpp.o[0m
[ 95%] [32m[1mLinking CXX shared library /home/frankaros/TFG_Percepcion_visual_de_objetos_y_humanos_para_tareas_de_manipulacion_colaborativas/ws_davidpacios/devel/.private/moveit_ros_perception/lib/libmoveit_depth_image_octomap_updater.so[0m
[ 95%] Built target moveit_depth_image_octomap_updater
[100%] [32m[1mLinking CXX shared library /home/frankaros/TFG_Percepcion_visual_de_objetos_y_humanos_para_tareas_de_manipulacion_colaborativas/ws_davidpacios/devel/.private/moveit_ros_perception/lib/libmoveit_pointcloud_octomap_updater.so[0m
[100%] Built target moveit_pointcloud_octomap_updater
