[  5%] [32mBuilding CXX object gtest/googletest/CMakeFiles/gtest.dir/src/gtest-all.cc.o[0m
[ 11%] [32mBuilding CXX object srv_kinematics_plugin/CMakeFiles/moveit_srv_kinematics_plugin.dir/src/srv_kinematics_plugin.cpp.o[0m
[ 17%] [32mBuilding CXX object cached_ik_kinematics_plugin/CMakeFiles/moveit_cached_ik_kinematics_base.dir/src/ik_cache.cpp.o[0m
[ 29%] [32mBuilding CXX object kdl_kinematics_plugin/CMakeFiles/moveit_kdl_kinematics_plugin.dir/src/kdl_kinematics_plugin.cpp.o[0m
[ 29%] [32mBuilding CXX object lma_kinematics_plugin/CMakeFiles/moveit_lma_kinematics_plugin.dir/src/lma_kinematics_plugin.cpp.o[0m
[ 35%] [32mBuilding CXX object kdl_kinematics_plugin/CMakeFiles/moveit_kdl_kinematics_plugin.dir/src/chainiksolver_vel_mimic_svd.cpp.o[0m
[ 41%] [32mBuilding CXX object test/CMakeFiles/benchmark_ik.dir/benchmark_ik.cpp.o[0m
[ 47%] [32m[1mLinking CXX shared library ../lib/libgtest.so[0m
[ 47%] Built target gtest
[ 52%] [32mBuilding CXX object test/CMakeFiles/test_kinematics_plugin.dir/test_kinematics_plugin.cpp.o[0m
[ 58%] [32m[1mLinking CXX shared library /home/frankaros/TFG_Percepcion_visual_de_objetos_y_humanos_para_tareas_de_manipulacion_colaborativas/ws_davidpacios/devel/.private/moveit_kinematics/lib/libmoveit_cached_ik_kinematics_base.so[0m
[ 58%] Built target moveit_cached_ik_kinematics_base
[ 64%] [32m[1mLinking CXX shared library /home/frankaros/TFG_Percepcion_visual_de_objetos_y_humanos_para_tareas_de_manipulacion_colaborativas/ws_davidpacios/devel/.private/moveit_kinematics/lib/libmoveit_lma_kinematics_plugin.so[0m
[ 64%] Built target moveit_lma_kinematics_plugin
[ 70%] [32m[1mLinking CXX shared library /home/frankaros/TFG_Percepcion_visual_de_objetos_y_humanos_para_tareas_de_manipulacion_colaborativas/ws_davidpacios/devel/.private/moveit_kinematics/lib/libmoveit_kdl_kinematics_plugin.so[0m
[ 70%] Built target moveit_kdl_kinematics_plugin
[ 76%] [32m[1mLinking CXX executable /home/frankaros/TFG_Percepcion_visual_de_objetos_y_humanos_para_tareas_de_manipulacion_colaborativas/ws_davidpacios/devel/.private/moveit_kinematics/lib/moveit_kinematics/benchmark_ik[0m
[ 76%] Built target benchmark_ik
[ 82%] [32m[1mLinking CXX shared library /home/frankaros/TFG_Percepcion_visual_de_objetos_y_humanos_para_tareas_de_manipulacion_colaborativas/ws_davidpacios/devel/.private/moveit_kinematics/lib/libmoveit_srv_kinematics_plugin.so[0m
[ 82%] Built target moveit_srv_kinematics_plugin
[ 88%] [32mBuilding CXX object cached_ik_kinematics_plugin/CMakeFiles/moveit_cached_ik_kinematics_plugin.dir/src/cached_ik_kinematics_plugin.cpp.o[0m
[ 94%] [32m[1mLinking CXX shared library /home/frankaros/TFG_Percepcion_visual_de_objetos_y_humanos_para_tareas_de_manipulacion_colaborativas/ws_davidpacios/devel/.private/moveit_kinematics/lib/libmoveit_cached_ik_kinematics_plugin.so[0m
[ 94%] Built target moveit_cached_ik_kinematics_plugin
[100%] [32m[1mLinking CXX executable /home/frankaros/TFG_Percepcion_visual_de_objetos_y_humanos_para_tareas_de_manipulacion_colaborativas/ws_davidpacios/devel/.private/moveit_kinematics/lib/moveit_kinematics/test_kinematics_plugin[0m
[100%] Built target test_kinematics_plugin
