[  0%] Built target geometry_msgs_generate_messages_py
[  0%] Built target geometry_msgs_generate_messages_eus
[  0%] Built target std_msgs_generate_messages_eus
[  0%] Built target geometry_msgs_generate_messages_lisp
[  0%] Built target geometry_msgs_generate_messages_nodejs
[  0%] Built target std_msgs_generate_messages_cpp
[  0%] Built target geometry_msgs_generate_messages_cpp
[  0%] Built target octomap_msgs_generate_messages_py
[  0%] Built target std_msgs_generate_messages_lisp
[  0%] Built target std_msgs_generate_messages_py
[  0%] Built target tf2_msgs_generate_messages_eus
[  0%] Built target std_msgs_generate_messages_nodejs
[  0%] Built target tf2_msgs_generate_messages_cpp
[  0%] Built target tf2_msgs_generate_messages_nodejs
[  0%] Built target tf2_msgs_generate_messages_lisp
[  0%] Built target tf2_msgs_generate_messages_py
[  0%] Built target _catkin_empty_exported_target
[  0%] Built target actionlib_msgs_generate_messages_eus
[  0%] Built target actionlib_msgs_generate_messages_cpp
[  0%] Built target actionlib_msgs_generate_messages_lisp
[  0%] Built target actionlib_msgs_generate_messages_nodejs
[  0%] Built target actionlib_msgs_generate_messages_py
[  0%] Built target actionlib_generate_messages_eus
[  0%] Built target actionlib_generate_messages_lisp
[  0%] Built target actionlib_generate_messages_nodejs
[  0%] Built target actionlib_generate_messages_cpp
[  0%] Built target roscpp_generate_messages_cpp
[  0%] Built target actionlib_generate_messages_py
[  0%] Built target roscpp_generate_messages_nodejs
[  0%] Built target roscpp_generate_messages_eus
[  0%] Built target roscpp_generate_messages_lisp
[  0%] Built target rosgraph_msgs_generate_messages_cpp
[  0%] Built target rosgraph_msgs_generate_messages_lisp
[  0%] Built target roscpp_generate_messages_py
[  0%] Built target rosgraph_msgs_generate_messages_eus
[  0%] Built target rosgraph_msgs_generate_messages_nodejs
[  0%] Built target shape_msgs_generate_messages_cpp
[  0%] Built target rosgraph_msgs_generate_messages_py
[  0%] Built target shape_msgs_generate_messages_eus
[  0%] Built target shape_msgs_generate_messages_lisp
[  0%] Built target shape_msgs_generate_messages_py
[  0%] Built target shape_msgs_generate_messages_nodejs
[  0%] Built target visualization_msgs_generate_messages_eus
[  0%] Built target visualization_msgs_generate_messages_cpp
[  0%] Built target visualization_msgs_generate_messages_lisp
[  0%] Built target visualization_msgs_generate_messages_nodejs
[  0%] Built target moveit_msgs_generate_messages_cpp
[  0%] Built target moveit_msgs_generate_messages_nodejs
[  0%] Built target moveit_msgs_generate_messages_lisp
[  0%] Built target visualization_msgs_generate_messages_py
[  0%] Built target moveit_msgs_generate_messages_eus
[  0%] Built target moveit_msgs_generate_messages_py
[  0%] Built target sensor_msgs_generate_messages_lisp
[  0%] Built target sensor_msgs_generate_messages_cpp
[  0%] Built target sensor_msgs_generate_messages_nodejs
[  0%] Built target sensor_msgs_generate_messages_eus
[  0%] Built target trajectory_msgs_generate_messages_cpp
[  0%] Built target sensor_msgs_generate_messages_py
[  0%] Built target trajectory_msgs_generate_messages_eus
[  0%] Built target trajectory_msgs_generate_messages_lisp
[  0%] Built target trajectory_msgs_generate_messages_nodejs
[  0%] Built target trajectory_msgs_generate_messages_py
[  0%] Built target object_recognition_msgs_generate_messages_cpp
[  0%] Built target object_recognition_msgs_generate_messages_eus
[  0%] Built target object_recognition_msgs_generate_messages_lisp
[  0%] Built target object_recognition_msgs_generate_messages_nodejs
[  0%] Built target object_recognition_msgs_generate_messages_py
[  0%] Built target octomap_msgs_generate_messages_cpp
[  0%] Built target octomap_msgs_generate_messages_eus
[  0%] Built target octomap_msgs_generate_messages_nodejs
[  0%] Built target octomap_msgs_generate_messages_lisp
[  1%] Built target moveit_exceptions
[  3%] [34m[1mGenerating /home/frankaros/TFG_Percepcion_visual_de_objetos_y_humanos_para_tareas_de_manipulacion_colaborativas/ws_davidpacios/devel/.private/moveit_core/include/moveit/version.h, always_rebuild[0m
[  4%] Built target gtest
--  *** Building MoveIt 1.1.14-devel ***
[  6%] Built target moveit_python_tools
[  8%] Built target moveit_background_processing
[  9%] [34m[1mGenerating version.h[0m
[  9%] Built target version_h
[ 11%] Built target moveit_transforms
[ 11%] [32mBuilding CXX object version/CMakeFiles/moveit_version.dir/version.cpp.o[0m
[ 12%] Built target moveit_kinematics_base
[ 14%] Built target moveit_profiler
[ 19%] Built target moveit_utils
[ 22%] Built target moveit_distance_field
[ 32%] Built target moveit_robot_model
[ 33%] Built target moveit_test_utils
[ 37%] Built target moveit_robot_state
[ 40%] Built target moveit_robot_trajectory
[ 41%] Built target moveit_dynamics_solver
[ 43%] Built target moveit_kinematics_metrics
[ 45%] Built target robot_state_benchmark
[ 46%] Built target moveit_planning_interface
[ 56%] Built target moveit_collision_detection
[ 62%] Built target moveit_trajectory_processing
[ 66%] Built target moveit_collision_detection_fcl
[ 67%] [32m[1mLinking CXX executable /home/frankaros/TFG_Percepcion_visual_de_objetos_y_humanos_para_tareas_de_manipulacion_colaborativas/ws_davidpacios/devel/.private/moveit_core/lib/moveit_core/moveit_version[0m
[ 72%] Built target moveit_collision_detection_bullet
[ 75%] Built target moveit_kinematic_constraints
[ 75%] Built target moveit_version
[ 79%] Built target moveit_planning_scene
[ 80%] Built target moveit_planning_request_adapter
[ 82%] Built target collision_detector_bullet_plugin
[ 83%] Built target collision_detector_fcl_plugin
[ 87%] Built target moveit_collision_distance_field
[ 93%] Built target moveit_constraint_samplers
[100%] Built target pymoveit_core
