Symlinking /home/frankaros/ws_davidpacios/devel/share/common-lisp/ros/panda_demo/msg/GsActionResult.lisp
Symlinking /home/frankaros/ws_davidpacios/devel/share/common-lisp/ros/panda_demo/msg/_package.lisp
Symlinking /home/frankaros/ws_davidpacios/devel/share/common-lisp/ros/panda_demo/msg/_package_GsActionGoal.lisp
Symlinking /home/frankaros/ws_davidpacios/devel/share/common-lisp/ros/panda_demo/msg/_package_GsActionFeedback.lisp
Symlinking /home/frankaros/ws_davidpacios/devel/share/common-lisp/ros/panda_demo/msg/GsGoal.lisp
Symlinking /home/frankaros/ws_davidpacios/devel/share/common-lisp/ros/panda_demo/msg/_package_GsResult.lisp
Symlinking /home/frankaros/ws_davidpacios/devel/share/common-lisp/ros/panda_demo/msg/_package_GsActionResult.lisp
Symlinking /home/frankaros/ws_davidpacios/devel/share/common-lisp/ros/panda_demo/msg/GsFeedback.lisp
Symlinking /home/frankaros/ws_davidpacios/devel/share/common-lisp/ros/panda_demo/msg/_package_GsAction.lisp
Symlinking /home/frankaros/ws_davidpacios/devel/share/common-lisp/ros/panda_demo/msg/GsActionGoal.lisp
Symlinking /home/frankaros/ws_davidpacios/devel/share/common-lisp/ros/panda_demo/msg/_package_GsFeedback.lisp
Symlinking /home/frankaros/ws_davidpacios/devel/share/common-lisp/ros/panda_demo/msg/GsAction.lisp
Symlinking /home/frankaros/ws_davidpacios/devel/share/common-lisp/ros/panda_demo/msg/GsResult.lisp
Symlinking /home/frankaros/ws_davidpacios/devel/share/common-lisp/ros/panda_demo/msg/_package_GsGoal.lisp
Symlinking /home/frankaros/ws_davidpacios/devel/share/common-lisp/ros/panda_demo/msg/panda_demo-msg.asd
Symlinking /home/frankaros/ws_davidpacios/devel/share/common-lisp/ros/panda_demo/msg/GsActionFeedback.lisp
Symlinking /home/frankaros/ws_davidpacios/devel/share/panda_demo/cmake/panda_demo-msg-paths.cmake
Symlinking /home/frankaros/ws_davidpacios/devel/share/panda_demo/cmake/panda_demoConfig-version.cmake
Symlinking /home/frankaros/ws_davidpacios/devel/share/panda_demo/cmake/panda_demo-msg-extras.cmake
Symlinking /home/frankaros/ws_davidpacios/devel/share/panda_demo/cmake/panda_demoConfig.cmake
Symlinking /home/frankaros/ws_davidpacios/devel/share/panda_demo/msg/GsActionFeedback.msg
Symlinking /home/frankaros/ws_davidpacios/devel/share/panda_demo/msg/GsActionGoal.msg
Symlinking /home/frankaros/ws_davidpacios/devel/share/panda_demo/msg/GsFeedback.msg
Symlinking /home/frankaros/ws_davidpacios/devel/share/panda_demo/msg/GsAction.msg
Symlinking /home/frankaros/ws_davidpacios/devel/share/panda_demo/msg/GsResult.msg
Symlinking /home/frankaros/ws_davidpacios/devel/share/panda_demo/msg/GsGoal.msg
Symlinking /home/frankaros/ws_davidpacios/devel/share/panda_demo/msg/GsActionResult.msg
Symlinking /home/frankaros/ws_davidpacios/devel/share/roseus/ros/panda_demo/manifest.l
Symlinking /home/frankaros/ws_davidpacios/devel/share/roseus/ros/panda_demo/msg/GsAction.l
Symlinking /home/frankaros/ws_davidpacios/devel/share/roseus/ros/panda_demo/msg/GsActionFeedback.l
Symlinking /home/frankaros/ws_davidpacios/devel/share/roseus/ros/panda_demo/msg/GsActionResult.l
Symlinking /home/frankaros/ws_davidpacios/devel/share/roseus/ros/panda_demo/msg/GsFeedback.l
Symlinking /home/frankaros/ws_davidpacios/devel/share/roseus/ros/panda_demo/msg/GsGoal.l
Symlinking /home/frankaros/ws_davidpacios/devel/share/roseus/ros/panda_demo/msg/GsActionGoal.l
Symlinking /home/frankaros/ws_davidpacios/devel/share/roseus/ros/panda_demo/msg/GsResult.l
Symlinking /home/frankaros/ws_davidpacios/devel/share/gennodejs/ros/panda_demo/_index.js
Symlinking /home/frankaros/ws_davidpacios/devel/share/gennodejs/ros/panda_demo/msg/GsAction.js
Symlinking /home/frankaros/ws_davidpacios/devel/share/gennodejs/ros/panda_demo/msg/GsActionGoal.js
Symlinking /home/frankaros/ws_davidpacios/devel/share/gennodejs/ros/panda_demo/msg/GsActionFeedback.js
Symlinking /home/frankaros/ws_davidpacios/devel/share/gennodejs/ros/panda_demo/msg/GsResult.js
Symlinking /home/frankaros/ws_davidpacios/devel/share/gennodejs/ros/panda_demo/msg/GsFeedback.js
Symlinking /home/frankaros/ws_davidpacios/devel/share/gennodejs/ros/panda_demo/msg/_index.js
Symlinking /home/frankaros/ws_davidpacios/devel/share/gennodejs/ros/panda_demo/msg/GsGoal.js
Symlinking /home/frankaros/ws_davidpacios/devel/share/gennodejs/ros/panda_demo/msg/GsActionResult.js
Symlinking /home/frankaros/ws_davidpacios/devel/include/panda_demo/GsActionResult.h
Symlinking /home/frankaros/ws_davidpacios/devel/include/panda_demo/GsActionFeedback.h
Symlinking /home/frankaros/ws_davidpacios/devel/include/panda_demo/GsAction.h
Symlinking /home/frankaros/ws_davidpacios/devel/include/panda_demo/GsFeedback.h
Symlinking /home/frankaros/ws_davidpacios/devel/include/panda_demo/GsActionGoal.h
Symlinking /home/frankaros/ws_davidpacios/devel/include/panda_demo/GsGoal.h
Symlinking /home/frankaros/ws_davidpacios/devel/include/panda_demo/GsResult.h
Symlinking /home/frankaros/ws_davidpacios/devel/lib/panda_demo/camera_position_calibrator.py
Symlinking /home/frankaros/ws_davidpacios/devel/lib/panda_demo/pick_and_place_python.py
Symlinking /home/frankaros/ws_davidpacios/devel/lib/panda_demo/callibration_client_test.py
Symlinking /home/frankaros/ws_davidpacios/devel/lib/panda_demo/cmake.lock
Symlinking /home/frankaros/ws_davidpacios/devel/lib/panda_demo/pcl_filter
Symlinking /home/frankaros/ws_davidpacios/devel/lib/panda_demo/gripper_control.py
Symlinking /home/frankaros/ws_davidpacios/devel/lib/panda_demo/gs_action_server.py
Symlinking /home/frankaros/ws_davidpacios/devel/lib/panda_demo/euclidean_cluster
Symlinking /home/frankaros/ws_davidpacios/devel/lib/panda_demo/auto_picker.py
Symlinking /home/frankaros/ws_davidpacios/devel/lib/panda_demo/gripper_test.py
Symlinking /home/frankaros/ws_davidpacios/devel/lib/panda_demo/gs_screenshot.py
Symlinking /home/frankaros/ws_davidpacios/devel/lib/pkgconfig/panda_demo.pc
Symlinking /home/frankaros/ws_davidpacios/devel/lib/python3/dist-packages/panda_demo/__init__.py
Symlinking /home/frankaros/ws_davidpacios/devel/lib/python3/dist-packages/panda_demo/msg/__init__.py
Symlinking /home/frankaros/ws_davidpacios/devel/lib/python3/dist-packages/panda_demo/msg/_GsActionFeedback.py
Symlinking /home/frankaros/ws_davidpacios/devel/lib/python3/dist-packages/panda_demo/msg/_GsActionResult.py
Symlinking /home/frankaros/ws_davidpacios/devel/lib/python3/dist-packages/panda_demo/msg/_GsFeedback.py
Symlinking /home/frankaros/ws_davidpacios/devel/lib/python3/dist-packages/panda_demo/msg/_GsAction.py
Symlinking /home/frankaros/ws_davidpacios/devel/lib/python3/dist-packages/panda_demo/msg/_GsResult.py
Symlinking /home/frankaros/ws_davidpacios/devel/lib/python3/dist-packages/panda_demo/msg/_GsActionGoal.py
Symlinking /home/frankaros/ws_davidpacios/devel/lib/python3/dist-packages/panda_demo/msg/_GsGoal.py
