[  0%] Built target std_msgs_generate_messages_py
[  0%] Built target actionlib_msgs_generate_messages_py
[  0%] Built target std_msgs_generate_messages_cpp
[  0%] Built target _panda_demo_generate_messages_check_deps_GsActionFeedback
[  0%] Built target _panda_demo_generate_messages_check_deps_GsGoal
[  0%] Built target _panda_demo_generate_messages_check_deps_GsFeedback
[  0%] Built target actionlib_msgs_generate_messages_cpp
[  0%] Built target _panda_demo_generate_messages_check_deps_GsAction
[  0%] Built target _panda_demo_generate_messages_check_deps_GsActionResult
[  0%] Built target _panda_demo_generate_messages_check_deps_GsActionGoal
[  0%] Built target std_msgs_generate_messages_lisp
[  0%] Built target actionlib_msgs_generate_messages_lisp
[  0%] Built target std_msgs_generate_messages_eus
[  0%] Built target _panda_demo_generate_messages_check_deps_GsResult
[  0%] Built target actionlib_msgs_generate_messages_eus
[  0%] Built target std_msgs_generate_messages_nodejs
[  0%] Built target actionlib_msgs_generate_messages_nodejs
[ 17%] Built target panda_demo_generate_messages_lisp
[ 36%] Built target panda_demo_generate_messages_eus
[ 56%] Built target panda_demo_generate_messages_py
[ 73%] Built target panda_demo_generate_messages_cpp
[ 90%] Built target panda_demo_generate_messages_nodejs
[ 92%] [32mBuilding CXX object CMakeFiles/pcl_filter.dir/src/pcl_filter.cpp.o[0m
[ 92%] Built target panda_demo_generate_messages
[ 95%] [32mBuilding CXX object CMakeFiles/euclidean_cluster.dir/src/euclidean_cluster.cpp.o[0m
[ 97%] [32m[1mLinking CXX executable /home/frankaros/TFG_Percepcion_visual_de_objetos_y_humanos_para_tareas_de_manipulacion_colaborativas/ws_davidpacios/devel/.private/panda_demo/lib/panda_demo/pcl_filter[0m
[ 97%] Built target pcl_filter
[100%] [32m[1mLinking CXX executable /home/frankaros/TFG_Percepcion_visual_de_objetos_y_humanos_para_tareas_de_manipulacion_colaborativas/ws_davidpacios/devel/.private/panda_demo/lib/panda_demo/euclidean_cluster[0m
[100%] Built target euclidean_cluster
