[  0%] Built target actionlib_msgs_generate_messages_py
[  0%] Built target std_msgs_generate_messages_py
[  0%] Built target _panda_demo_generate_messages_check_deps_GsActionResult
[  0%] Built target _panda_demo_generate_messages_check_deps_GsAction
[  0%] Built target _panda_demo_generate_messages_check_deps_GsFeedback
[  0%] Built target std_msgs_generate_messages_cpp
[  0%] Built target actionlib_msgs_generate_messages_cpp
[  0%] Built target _panda_demo_generate_messages_check_deps_GsActionGoal
[  0%] Built target std_msgs_generate_messages_eus
[  0%] Built target actionlib_msgs_generate_messages_eus
[  0%] Built target _panda_demo_generate_messages_check_deps_GsGoal
[  0%] Built target std_msgs_generate_messages_lisp
[  0%] Built target actionlib_msgs_generate_messages_lisp
[  0%] Built target _panda_demo_generate_messages_check_deps_GsActionFeedback
[  0%] Built target std_msgs_generate_messages_nodejs
[  0%] Built target actionlib_msgs_generate_messages_nodejs
[  0%] Built target _panda_demo_generate_messages_check_deps_GsResult
[ 19%] Built target panda_demo_generate_messages_py
[ 43%] Built target euclidean_cluster
[ 24%] Built target pcl_filter
[ 46%] Built target panda_demo_generate_messages_cpp
[ 63%] Built target panda_demo_generate_messages_lisp
[ 97%] Built target panda_demo_generate_messages_nodejs
[100%] Built target panda_demo_generate_messages_eus
[100%] Built target panda_demo_generate_messages
