Symlinking /home/frankaros/TFG_Percepcion_visual_de_objetos_y_humanos_para_tareas_de_manipulacion_colaborativas/ws_davidpacios/devel/share/moveit_ros_visualization/cmake/moveit_ros_visualizationConfig.cmake
Symlinking /home/frankaros/TFG_Percepcion_visual_de_objetos_y_humanos_para_tareas_de_manipulacion_colaborativas/ws_davidpacios/devel/share/moveit_ros_visualization/cmake/moveit_ros_visualizationConfig-version.cmake
Symlinking /home/frankaros/TFG_Percepcion_visual_de_objetos_y_humanos_para_tareas_de_manipulacion_colaborativas/ws_davidpacios/devel/lib/libmoveit_trajectory_rviz_plugin_core.so
Symlinking /home/frankaros/TFG_Percepcion_visual_de_objetos_y_humanos_para_tareas_de_manipulacion_colaborativas/ws_davidpacios/devel/lib/libmoveit_motion_planning_rviz_plugin_core.so.1.1.13
Symlinking /home/frankaros/TFG_Percepcion_visual_de_objetos_y_humanos_para_tareas_de_manipulacion_colaborativas/ws_davidpacios/devel/lib/libmoveit_rviz_plugin_render_tools.so
Symlinking /home/frankaros/TFG_Percepcion_visual_de_objetos_y_humanos_para_tareas_de_manipulacion_colaborativas/ws_davidpacios/devel/lib/libmoveit_trajectory_rviz_plugin_core.so.1.1.13
Symlinking /home/frankaros/TFG_Percepcion_visual_de_objetos_y_humanos_para_tareas_de_manipulacion_colaborativas/ws_davidpacios/devel/lib/libmoveit_trajectory_rviz_plugin.so
Symlinking /home/frankaros/TFG_Percepcion_visual_de_objetos_y_humanos_para_tareas_de_manipulacion_colaborativas/ws_davidpacios/devel/lib/libmoveit_robot_state_rviz_plugin_core.so.1.1.13
Symlinking /home/frankaros/TFG_Percepcion_visual_de_objetos_y_humanos_para_tareas_de_manipulacion_colaborativas/ws_davidpacios/devel/lib/libmoveit_motion_planning_rviz_plugin_core.so
Symlinking /home/frankaros/TFG_Percepcion_visual_de_objetos_y_humanos_para_tareas_de_manipulacion_colaborativas/ws_davidpacios/devel/lib/libmoveit_planning_scene_rviz_plugin.so
Symlinking /home/frankaros/TFG_Percepcion_visual_de_objetos_y_humanos_para_tareas_de_manipulacion_colaborativas/ws_davidpacios/devel/lib/libmoveit_trajectory_rviz_plugin.so.1.1.13
Symlinking /home/frankaros/TFG_Percepcion_visual_de_objetos_y_humanos_para_tareas_de_manipulacion_colaborativas/ws_davidpacios/devel/lib/libmoveit_robot_state_rviz_plugin.so
Symlinking /home/frankaros/TFG_Percepcion_visual_de_objetos_y_humanos_para_tareas_de_manipulacion_colaborativas/ws_davidpacios/devel/lib/libmoveit_planning_scene_rviz_plugin_core.so.1.1.13
Symlinking /home/frankaros/TFG_Percepcion_visual_de_objetos_y_humanos_para_tareas_de_manipulacion_colaborativas/ws_davidpacios/devel/lib/libmoveit_robot_state_rviz_plugin_core.so
Symlinking /home/frankaros/TFG_Percepcion_visual_de_objetos_y_humanos_para_tareas_de_manipulacion_colaborativas/ws_davidpacios/devel/lib/libmoveit_planning_scene_rviz_plugin.so.1.1.13
Symlinking /home/frankaros/TFG_Percepcion_visual_de_objetos_y_humanos_para_tareas_de_manipulacion_colaborativas/ws_davidpacios/devel/lib/libmoveit_planning_scene_rviz_plugin_core.so
Symlinking /home/frankaros/TFG_Percepcion_visual_de_objetos_y_humanos_para_tareas_de_manipulacion_colaborativas/ws_davidpacios/devel/lib/libmoveit_motion_planning_rviz_plugin.so.1.1.13
Symlinking /home/frankaros/TFG_Percepcion_visual_de_objetos_y_humanos_para_tareas_de_manipulacion_colaborativas/ws_davidpacios/devel/lib/libmoveit_robot_state_rviz_plugin.so.1.1.13
Symlinking /home/frankaros/TFG_Percepcion_visual_de_objetos_y_humanos_para_tareas_de_manipulacion_colaborativas/ws_davidpacios/devel/lib/libmoveit_rviz_plugin_render_tools.so.1.1.13
Symlinking /home/frankaros/TFG_Percepcion_visual_de_objetos_y_humanos_para_tareas_de_manipulacion_colaborativas/ws_davidpacios/devel/lib/libmoveit_motion_planning_rviz_plugin.so
Symlinking /home/frankaros/TFG_Percepcion_visual_de_objetos_y_humanos_para_tareas_de_manipulacion_colaborativas/ws_davidpacios/devel/lib/pkgconfig/moveit_ros_visualization.pc
Symlinking /home/frankaros/TFG_Percepcion_visual_de_objetos_y_humanos_para_tareas_de_manipulacion_colaborativas/ws_davidpacios/devel/lib/python3/dist-packages/moveit_ros_visualization/__init__.py
Symlinking /home/frankaros/TFG_Percepcion_visual_de_objetos_y_humanos_para_tareas_de_manipulacion_colaborativas/ws_davidpacios/devel/lib/moveit_ros_visualization/cmake.lock
Symlinking /home/frankaros/TFG_Percepcion_visual_de_objetos_y_humanos_para_tareas_de_manipulacion_colaborativas/ws_davidpacios/devel/lib/moveit_ros_visualization/moveit_joy.py
