[  1%] [34m[1mAutomatic MOC for target moveit_rviz_plugin_render_tools[0m
[  1%] Built target moveit_rviz_plugin_render_tools_autogen
[ 18%] Built target moveit_rviz_plugin_render_tools
[ 21%] [34m[1mAutomatic MOC for target moveit_planning_scene_rviz_plugin_core[0m
[ 21%] [34m[1mAutomatic MOC for target moveit_robot_state_rviz_plugin_core[0m
[ 21%] Built target moveit_robot_state_rviz_plugin_core_autogen
[ 21%] Built target moveit_planning_scene_rviz_plugin_core_autogen
[ 27%] Built target moveit_planning_scene_rviz_plugin_core
[ 29%] [34m[1mAutomatic MOC for target moveit_planning_scene_rviz_plugin[0m
[ 30%] [34m[1mAutomatic MOC for target moveit_motion_planning_rviz_plugin_core[0m
[ 32%] [34m[1mAutomatic MOC for target moveit_trajectory_rviz_plugin_core[0m
[ 32%] Built target moveit_motion_planning_rviz_plugin_core_autogen
[ 32%] Built target moveit_trajectory_rviz_plugin_core_autogen
[ 32%] Built target moveit_planning_scene_rviz_plugin_autogen
[ 38%] Built target moveit_robot_state_rviz_plugin_core
[ 40%] [34m[1mAutomatic MOC for target moveit_robot_state_rviz_plugin[0m
[ 40%] Built target moveit_robot_state_rviz_plugin_autogen
[ 45%] Built target moveit_trajectory_rviz_plugin_core
[ 50%] Built target moveit_planning_scene_rviz_plugin
[ 52%] [34m[1mAutomatic MOC for target moveit_trajectory_rviz_plugin[0m
[ 52%] Built target moveit_trajectory_rviz_plugin_autogen
[ 58%] Built target moveit_robot_state_rviz_plugin
[ 63%] Built target moveit_trajectory_rviz_plugin
[ 92%] Built target moveit_motion_planning_rviz_plugin_core
[ 94%] [34m[1mAutomatic MOC for target moveit_motion_planning_rviz_plugin[0m
[ 94%] Built target moveit_motion_planning_rviz_plugin_autogen
[100%] Built target moveit_motion_planning_rviz_plugin
