[  0%] Built target sensor_msgs_generate_messages_py
[  0%] Built target std_msgs_generate_messages_py
[  1%] Built target astra_camera_gencfg
[  1%] Built target _astra_camera_generate_messages_check_deps_SetString
[  1%] Built target _astra_camera_generate_messages_check_deps_Extrinsics
[  1%] Built target _astra_camera_generate_messages_check_deps_GetCameraParams
[  1%] Built target _astra_camera_generate_messages_check_deps_Metadata
[  1%] Built target _astra_camera_generate_messages_check_deps_GetCameraInfo
[  1%] Built target _astra_camera_generate_messages_check_deps_GetBool
[  1%] Built target _astra_camera_generate_messages_check_deps_DeviceInfo
[  1%] Built target sensor_msgs_generate_messages_cpp
[  1%] Built target std_msgs_generate_messages_cpp
[  1%] Built target _astra_camera_generate_messages_check_deps_GetDouble
[  1%] Built target _astra_camera_generate_messages_check_deps_GetDeviceInfo
[  1%] Built target sensor_msgs_generate_messages_eus
[  1%] Built target sensor_msgs_generate_messages_nodejs
[  1%] Built target std_msgs_generate_messages_lisp
[  1%] Built target std_msgs_generate_messages_eus
[  1%] Built target sensor_msgs_generate_messages_lisp
[  1%] Built target std_msgs_generate_messages_nodejs
[  1%] Built target _astra_camera_generate_messages_check_deps_GetInt32
[  1%] Built target geometry_msgs_generate_messages_eus
[  1%] Built target geometry_msgs_generate_messages_cpp
[  1%] Built target geometry_msgs_generate_messages_lisp
[  1%] Built target geometry_msgs_generate_messages_nodejs
[  1%] Built target dynamic_reconfigure_generate_messages_cpp
[  1%] Built target dynamic_reconfigure_generate_messages_lisp
[  1%] Built target dynamic_reconfigure_generate_messages_eus
[  1%] Built target _astra_camera_generate_messages_check_deps_GetString
[  1%] Built target dynamic_reconfigure_generate_messages_nodejs
[  1%] Built target _astra_camera_generate_messages_check_deps_SetInt32
[  1%] Built target geometry_msgs_generate_messages_py
[  1%] Built target dynamic_reconfigure_gencfg
[  1%] Built target dynamic_reconfigure_generate_messages_py
[  1%] Built target roscpp_generate_messages_cpp
[  1%] Built target roscpp_generate_messages_eus
[  1%] Built target roscpp_generate_messages_nodejs
[  1%] Built target roscpp_generate_messages_py
[  1%] Built target roscpp_generate_messages_lisp
[  1%] Built target rosgraph_msgs_generate_messages_cpp
[  1%] Built target rosgraph_msgs_generate_messages_eus
[  1%] Built target rosgraph_msgs_generate_messages_py
[  1%] Built target rosgraph_msgs_generate_messages_nodejs
[  1%] Built target std_srvs_generate_messages_cpp
[  1%] Built target rosgraph_msgs_generate_messages_lisp
[  1%] Built target std_srvs_generate_messages_nodejs
[  1%] Built target std_srvs_generate_messages_lisp
[  1%] Built target std_srvs_generate_messages_eus
[  1%] Built target std_srvs_generate_messages_py
[  1%] Built target tf2_msgs_generate_messages_eus
[  1%] Built target tf2_msgs_generate_messages_cpp
[  1%] Built target tf2_msgs_generate_messages_lisp
[  1%] Built target tf2_msgs_generate_messages_py
[  1%] Built target actionlib_msgs_generate_messages_cpp
[  1%] Built target tf2_msgs_generate_messages_nodejs
[  1%] Built target actionlib_msgs_generate_messages_eus
[  1%] Built target actionlib_msgs_generate_messages_lisp
[  1%] Built target actionlib_msgs_generate_messages_nodejs
[  1%] Built target actionlib_msgs_generate_messages_py
[  1%] Built target actionlib_generate_messages_py
[  1%] Built target actionlib_generate_messages_eus
[  1%] Built target actionlib_generate_messages_cpp
[  1%] Built target actionlib_generate_messages_lisp
[  1%] Built target actionlib_generate_messages_nodejs
[ 18%] Built target astra_camera_generate_messages_py
[ 34%] Built target astra_camera_generate_messages_cpp
[ 64%] Built target astra_camera_generate_messages_lisp
[ 64%] Built target astra_camera_generate_messages_nodejs
[ 81%] Built target astra_camera_generate_messages_eus
[ 81%] Built target astra_camera_generate_messages
[ 94%] Built target astra_camera
[ 97%] Built target list_devices_node
[100%] Built target astra_camera_node
