[  0%] Built target sensor_msgs_generate_messages_py
[  1%] Built target astra_camera_gencfg
[  1%] Built target std_msgs_generate_messages_py
[  1%] Built target _astra_camera_generate_messages_check_deps_Extrinsics
[  1%] Built target _astra_camera_generate_messages_check_deps_Metadata
[  1%] Built target _astra_camera_generate_messages_check_deps_DeviceInfo
[  1%] Built target _astra_camera_generate_messages_check_deps_GetBool
[  1%] Built target _astra_camera_generate_messages_check_deps_GetCameraInfo
[  1%] Built target _astra_camera_generate_messages_check_deps_SetString
[  1%] Built target sensor_msgs_generate_messages_cpp
[  1%] Built target std_msgs_generate_messages_cpp
[  1%] Built target sensor_msgs_generate_messages_eus
[  1%] Built target _astra_camera_generate_messages_check_deps_GetCameraParams
[  1%] Built target std_msgs_generate_messages_eus
[  1%] Built target sensor_msgs_generate_messages_lisp
[  1%] Built target _astra_camera_generate_messages_check_deps_GetDeviceInfo
[  1%] Built target _astra_camera_generate_messages_check_deps_GetInt32
[  1%] Built target _astra_camera_generate_messages_check_deps_GetString
[  1%] Built target std_msgs_generate_messages_lisp
[  1%] Built target _astra_camera_generate_messages_check_deps_GetDouble
[  1%] Built target std_msgs_generate_messages_nodejs
[  1%] Built target geometry_msgs_generate_messages_cpp
[  1%] Built target geometry_msgs_generate_messages_eus
[  1%] Built target geometry_msgs_generate_messages_lisp
[  1%] Built target sensor_msgs_generate_messages_nodejs
[  1%] Built target _astra_camera_generate_messages_check_deps_SetInt32
[  1%] Built target geometry_msgs_generate_messages_nodejs
[  1%] Built target geometry_msgs_generate_messages_py
[  1%] Built target dynamic_reconfigure_generate_messages_eus
[  1%] Built target dynamic_reconfigure_generate_messages_cpp
[  1%] Built target dynamic_reconfigure_generate_messages_nodejs
[  1%] Built target dynamic_reconfigure_generate_messages_py
[  1%] Built target dynamic_reconfigure_gencfg
[  1%] Built target roscpp_generate_messages_cpp
[  1%] Built target roscpp_generate_messages_eus
[  1%] Built target dynamic_reconfigure_generate_messages_lisp
[  1%] Built target roscpp_generate_messages_lisp
[  1%] Built target roscpp_generate_messages_py
[  1%] Built target roscpp_generate_messages_nodejs
[  1%] Built target rosgraph_msgs_generate_messages_cpp
[  1%] Built target rosgraph_msgs_generate_messages_eus
[  1%] Built target rosgraph_msgs_generate_messages_py
[  1%] Built target rosgraph_msgs_generate_messages_nodejs
[  1%] Built target rosgraph_msgs_generate_messages_lisp
[  1%] Built target std_srvs_generate_messages_cpp
[  1%] Built target std_srvs_generate_messages_eus
[  1%] Built target std_srvs_generate_messages_lisp
[  1%] Built target std_srvs_generate_messages_nodejs
[  1%] Built target std_srvs_generate_messages_py
[  1%] Built target tf2_msgs_generate_messages_cpp
[  1%] Built target tf2_msgs_generate_messages_lisp
[  1%] Built target tf2_msgs_generate_messages_eus
[  1%] Built target tf2_msgs_generate_messages_nodejs
[  1%] Built target tf2_msgs_generate_messages_py
[  1%] Built target actionlib_msgs_generate_messages_cpp
[  1%] Built target actionlib_msgs_generate_messages_lisp
[  1%] Built target actionlib_msgs_generate_messages_nodejs
[  1%] Built target actionlib_msgs_generate_messages_eus
[  1%] Built target actionlib_msgs_generate_messages_py
[  1%] Built target actionlib_generate_messages_cpp
[  1%] Built target actionlib_generate_messages_eus
[  1%] Built target actionlib_generate_messages_nodejs
[  1%] Built target actionlib_generate_messages_lisp
[  1%] Built target actionlib_generate_messages_py
[ 18%] Built target astra_camera_generate_messages_py
[ 35%] Built target astra_camera_generate_messages_eus
[ 65%] Built target astra_camera_generate_messages_cpp
[ 65%] Built target astra_camera_generate_messages_lisp
[ 81%] Built target astra_camera_generate_messages_nodejs
[ 81%] Built target astra_camera_generate_messages
[ 82%] [32mBuilding CXX object CMakeFiles/astra_camera.dir/src/point_cloud_proc/point_cloud_xyz.cpp.o[0m
[ 83%] [32mBuilding CXX object CMakeFiles/astra_camera.dir/src/point_cloud_proc/point_cloud_xyzrgb.cpp.o[0m
[ 84%] [32mBuilding CXX object CMakeFiles/astra_camera.dir/src/d2c_viewer.cpp.o[0m
[ 86%] [32mBuilding CXX object CMakeFiles/astra_camera.dir/src/ob_context.cpp.o[0m
[ 87%] [32mBuilding CXX object CMakeFiles/astra_camera.dir/src/ob_camera_info.cpp.o[0m
[ 88%] [32mBuilding CXX object CMakeFiles/astra_camera.dir/src/ob_camera_node_factory.cpp.o[0m
[ 89%] [32mBuilding CXX object CMakeFiles/astra_camera.dir/src/ob_camera_node.cpp.o[0m
[ 91%] [32mBuilding CXX object CMakeFiles/astra_camera.dir/src/ros_service.cpp.o[0m
In file included from [01m[K/home/frankaros/TFG_Percepcion_visual_de_objetos_y_humanos_para_tareas_de_manipulacion_colaborativas/ws_davidpacios/src/ros_astra_camera/include/astra_camera/ob_camera_node.h:15[m[K,
                 from [01m[K/home/frankaros/TFG_Percepcion_visual_de_objetos_y_humanos_para_tareas_de_manipulacion_colaborativas/ws_davidpacios/src/ros_astra_camera/src/ros_service.cpp:12[m[K:
[01m[K/opt/ros/noetic/include/camera_info_manager/camera_info_manager.h:255:2:[m[K [01;35m[Kwarning: [m[Kextra ‘[01m[K;[m[K’ [[01;35m[K-Wpedantic[m[K]
  255 | }[01;35m[K;[m[K // namespace camera_info_manager
      |  [01;35m[K^[m[K
In file included from [01m[K/home/frankaros/TFG_Percepcion_visual_de_objetos_y_humanos_para_tareas_de_manipulacion_colaborativas/ws_davidpacios/src/ros_astra_camera/include/astra_camera/ob_camera_node.h:15[m[K,
                 from [01m[K/home/frankaros/TFG_Percepcion_visual_de_objetos_y_humanos_para_tareas_de_manipulacion_colaborativas/ws_davidpacios/src/ros_astra_camera/include/astra_camera/ob_camera_node_factory.h:26[m[K,
                 from [01m[K/home/frankaros/TFG_Percepcion_visual_de_objetos_y_humanos_para_tareas_de_manipulacion_colaborativas/ws_davidpacios/src/ros_astra_camera/src/ob_camera_node_factory.cpp:13[m[K:
[01m[K/opt/ros/noetic/include/camera_info_manager/camera_info_manager.h:255:2:[m[K [01;35m[Kwarning: [m[Kextra ‘[01m[K;[m[K’ [[01;35m[K-Wpedantic[m[K]
  255 | }[01;35m[K;[m[K // namespace camera_info_manager
      |  [01;35m[K^[m[K
[ 92%] [32mBuilding CXX object CMakeFiles/astra_camera.dir/src/utils.cpp.o[0m
In file included from [01m[K/home/frankaros/TFG_Percepcion_visual_de_objetos_y_humanos_para_tareas_de_manipulacion_colaborativas/ws_davidpacios/src/ros_astra_camera/include/astra_camera/ob_camera_node.h:15[m[K,
                 from [01m[K/home/frankaros/TFG_Percepcion_visual_de_objetos_y_humanos_para_tareas_de_manipulacion_colaborativas/ws_davidpacios/src/ros_astra_camera/src/ob_camera_info.cpp:12[m[K:
[01m[K/opt/ros/noetic/include/camera_info_manager/camera_info_manager.h:255:2:[m[K [01;35m[Kwarning: [m[Kextra ‘[01m[K;[m[K’ [[01;35m[K-Wpedantic[m[K]
  255 | }[01;35m[K;[m[K // namespace camera_info_manager
      |  [01;35m[K^[m[K
In file included from [01m[K/home/frankaros/TFG_Percepcion_visual_de_objetos_y_humanos_para_tareas_de_manipulacion_colaborativas/ws_davidpacios/src/ros_astra_camera/include/astra_camera/ob_camera_node.h:15[m[K,
                 from [01m[K/home/frankaros/TFG_Percepcion_visual_de_objetos_y_humanos_para_tareas_de_manipulacion_colaborativas/ws_davidpacios/src/ros_astra_camera/src/ob_camera_node.cpp:13[m[K:
[01m[K/opt/ros/noetic/include/camera_info_manager/camera_info_manager.h:255:2:[m[K [01;35m[Kwarning: [m[Kextra ‘[01m[K;[m[K’ [[01;35m[K-Wpedantic[m[K]
  255 | }[01;35m[K;[m[K // namespace camera_info_manager
      |  [01;35m[K^[m[K
[ 93%] [32mBuilding CXX object CMakeFiles/astra_camera.dir/src/uvc_camera_driver.cpp.o[0m
In file included from [01m[K/home/frankaros/TFG_Percepcion_visual_de_objetos_y_humanos_para_tareas_de_manipulacion_colaborativas/ws_davidpacios/src/ros_astra_camera/include/astra_camera/uvc_camera_driver.h:15[m[K,
                 from [01m[K/home/frankaros/TFG_Percepcion_visual_de_objetos_y_humanos_para_tareas_de_manipulacion_colaborativas/ws_davidpacios/src/ros_astra_camera/src/uvc_camera_driver.cpp:35[m[K:
[01m[K/opt/ros/noetic/include/camera_info_manager/camera_info_manager.h:255:2:[m[K [01;35m[Kwarning: [m[Kextra ‘[01m[K;[m[K’ [[01;35m[K-Wpedantic[m[K]
  255 | }[01;35m[K;[m[K // namespace camera_info_manager
      |  [01;35m[K^[m[K
In file included from [01m[K/home/frankaros/TFG_Percepcion_visual_de_objetos_y_humanos_para_tareas_de_manipulacion_colaborativas/ws_davidpacios/src/ros_astra_camera/include/astra_camera/ob_camera_node.h:19[m[K,
                 from [01m[K/home/frankaros/TFG_Percepcion_visual_de_objetos_y_humanos_para_tareas_de_manipulacion_colaborativas/ws_davidpacios/src/ros_astra_camera/src/ob_camera_node.cpp:13[m[K:
[01m[K/home/frankaros/TFG_Percepcion_visual_de_objetos_y_humanos_para_tareas_de_manipulacion_colaborativas/ws_davidpacios/src/ros_astra_camera/include/openni2/OpenNI.h:[m[K In member function ‘[01m[Kvoid astra_camera::OBCameraNode::reconfigureCallback(const astra_camera::AstraConfig&, uint32_t)[m[K’:
[01m[K/home/frankaros/TFG_Percepcion_visual_de_objetos_y_humanos_para_tareas_de_manipulacion_colaborativas/ws_davidpacios/src/ros_astra_camera/include/openni2/OpenNI.h:287:62:[m[K [01;35m[Kwarning: [m[K‘[01m[Kvideo_mode[m[K’ may be used uninitialized in this function [[01;35m[K-Wmaybe-uninitialized[m[K]
  287 |  void setPixelFormat(PixelFormat format) { [01;35m[Kthis->pixelFormat = (OniPixelFormat)format[m[K; }
      |                                            [01;35m[K~~~~~~~~~~~~~~~~~~^~~~~~~~~~~~~~~~~~~~~~~~[m[K
[01m[K/home/frankaros/TFG_Percepcion_visual_de_objetos_y_humanos_para_tareas_de_manipulacion_colaborativas/ws_davidpacios/src/ros_astra_camera/src/ob_camera_node.cpp:852:23:[m[K [01;36m[Knote: [m[K‘[01m[Kvideo_mode[m[K’ was declared here
  852 |     openni::VideoMode [01;36m[Kvideo_mode[m[K;
      |                       [01;36m[K^~~~~~~~~~[m[K
[ 94%] [32m[1mLinking CXX shared library /home/frankaros/TFG_Percepcion_visual_de_objetos_y_humanos_para_tareas_de_manipulacion_colaborativas/ws_davidpacios/devel/.private/astra_camera/lib/libastra_camera.so[0m
[ 94%] Built target astra_camera
[ 96%] [32mBuilding CXX object CMakeFiles/list_devices_node.dir/src/list_devices_node.cpp.o[0m
[ 97%] [32mBuilding CXX object CMakeFiles/astra_camera_node.dir/src/main.cpp.o[0m
[ 98%] [32m[1mLinking CXX executable /home/frankaros/TFG_Percepcion_visual_de_objetos_y_humanos_para_tareas_de_manipulacion_colaborativas/ws_davidpacios/devel/.private/astra_camera/lib/astra_camera/list_devices_node[0m
In file included from [01m[K/home/frankaros/TFG_Percepcion_visual_de_objetos_y_humanos_para_tareas_de_manipulacion_colaborativas/ws_davidpacios/src/ros_astra_camera/include/astra_camera/ob_camera_node.h:15[m[K,
                 from [01m[K/home/frankaros/TFG_Percepcion_visual_de_objetos_y_humanos_para_tareas_de_manipulacion_colaborativas/ws_davidpacios/src/ros_astra_camera/include/astra_camera/ob_camera_node_factory.h:26[m[K,
                 from [01m[K/home/frankaros/TFG_Percepcion_visual_de_objetos_y_humanos_para_tareas_de_manipulacion_colaborativas/ws_davidpacios/src/ros_astra_camera/src/main.cpp:15[m[K:
[01m[K/opt/ros/noetic/include/camera_info_manager/camera_info_manager.h:255:2:[m[K [01;35m[Kwarning: [m[Kextra ‘[01m[K;[m[K’ [[01;35m[K-Wpedantic[m[K]
  255 | }[01;35m[K;[m[K // namespace camera_info_manager
      |  [01;35m[K^[m[K
[ 98%] Built target list_devices_node
[100%] [32m[1mLinking CXX executable /home/frankaros/TFG_Percepcion_visual_de_objetos_y_humanos_para_tareas_de_manipulacion_colaborativas/ws_davidpacios/devel/.private/astra_camera/lib/astra_camera/astra_camera_node[0m
[100%] Built target astra_camera_node
