In file included from [01m[K/home/frankaros/TFG_Percepcion_visual_de_objetos_y_humanos_para_tareas_de_manipulacion_colaborativas/ws_davidpacios/src/ros_astra_camera/include/astra_camera/ob_camera_node.h:15[m[K,
                 from [01m[K/home/frankaros/TFG_Percepcion_visual_de_objetos_y_humanos_para_tareas_de_manipulacion_colaborativas/ws_davidpacios/src/ros_astra_camera/src/ob_camera_info.cpp:12[m[K:
[01m[K/opt/ros/noetic/include/camera_info_manager/camera_info_manager.h:255:2:[m[K [01;35m[Kwarning: [m[Kextra ‘[01m[K;[m[K’ [[01;35m[K-Wpedantic[m[K]
  255 | }[01;35m[K;[m[K // namespace camera_info_manager
      |  [01;35m[K^[m[K
In file included from [01m[K/home/frankaros/TFG_Percepcion_visual_de_objetos_y_humanos_para_tareas_de_manipulacion_colaborativas/ws_davidpacios/src/ros_astra_camera/include/astra_camera/ob_camera_node.h:15[m[K,
                 from [01m[K/home/frankaros/TFG_Percepcion_visual_de_objetos_y_humanos_para_tareas_de_manipulacion_colaborativas/ws_davidpacios/src/ros_astra_camera/include/astra_camera/ob_camera_node_factory.h:26[m[K,
                 from [01m[K/home/frankaros/TFG_Percepcion_visual_de_objetos_y_humanos_para_tareas_de_manipulacion_colaborativas/ws_davidpacios/src/ros_astra_camera/src/ob_camera_node_factory.cpp:13[m[K:
[01m[K/opt/ros/noetic/include/camera_info_manager/camera_info_manager.h:255:2:[m[K [01;35m[Kwarning: [m[Kextra ‘[01m[K;[m[K’ [[01;35m[K-Wpedantic[m[K]
  255 | }[01;35m[K;[m[K // namespace camera_info_manager
      |  [01;35m[K^[m[K
In file included from [01m[K/home/frankaros/TFG_Percepcion_visual_de_objetos_y_humanos_para_tareas_de_manipulacion_colaborativas/ws_davidpacios/src/ros_astra_camera/include/astra_camera/ob_camera_node.h:15[m[K,
                 from [01m[K/home/frankaros/TFG_Percepcion_visual_de_objetos_y_humanos_para_tareas_de_manipulacion_colaborativas/ws_davidpacios/src/ros_astra_camera/src/ob_camera_node.cpp:13[m[K:
[01m[K/opt/ros/noetic/include/camera_info_manager/camera_info_manager.h:255:2:[m[K [01;35m[Kwarning: [m[Kextra ‘[01m[K;[m[K’ [[01;35m[K-Wpedantic[m[K]
  255 | }[01;35m[K;[m[K // namespace camera_info_manager
      |  [01;35m[K^[m[K
In file included from [01m[K/home/frankaros/TFG_Percepcion_visual_de_objetos_y_humanos_para_tareas_de_manipulacion_colaborativas/ws_davidpacios/src/ros_astra_camera/include/astra_camera/ob_camera_node.h:15[m[K,
                 from [01m[K/home/frankaros/TFG_Percepcion_visual_de_objetos_y_humanos_para_tareas_de_manipulacion_colaborativas/ws_davidpacios/src/ros_astra_camera/src/ros_service.cpp:12[m[K:
[01m[K/opt/ros/noetic/include/camera_info_manager/camera_info_manager.h:255:2:[m[K [01;35m[Kwarning: [m[Kextra ‘[01m[K;[m[K’ [[01;35m[K-Wpedantic[m[K]
  255 | }[01;35m[K;[m[K // namespace camera_info_manager
      |  [01;35m[K^[m[K
In file included from [01m[K/home/frankaros/TFG_Percepcion_visual_de_objetos_y_humanos_para_tareas_de_manipulacion_colaborativas/ws_davidpacios/src/ros_astra_camera/include/astra_camera/uvc_camera_driver.h:15[m[K,
                 from [01m[K/home/frankaros/TFG_Percepcion_visual_de_objetos_y_humanos_para_tareas_de_manipulacion_colaborativas/ws_davidpacios/src/ros_astra_camera/src/uvc_camera_driver.cpp:35[m[K:
[01m[K/opt/ros/noetic/include/camera_info_manager/camera_info_manager.h:255:2:[m[K [01;35m[Kwarning: [m[Kextra ‘[01m[K;[m[K’ [[01;35m[K-Wpedantic[m[K]
  255 | }[01;35m[K;[m[K // namespace camera_info_manager
      |  [01;35m[K^[m[K
In file included from [01m[K/home/frankaros/TFG_Percepcion_visual_de_objetos_y_humanos_para_tareas_de_manipulacion_colaborativas/ws_davidpacios/src/ros_astra_camera/include/astra_camera/ob_camera_node.h:19[m[K,
                 from [01m[K/home/frankaros/TFG_Percepcion_visual_de_objetos_y_humanos_para_tareas_de_manipulacion_colaborativas/ws_davidpacios/src/ros_astra_camera/src/ob_camera_node.cpp:13[m[K:
[01m[K/home/frankaros/TFG_Percepcion_visual_de_objetos_y_humanos_para_tareas_de_manipulacion_colaborativas/ws_davidpacios/src/ros_astra_camera/include/openni2/OpenNI.h:[m[K In member function ‘[01m[Kvoid astra_camera::OBCameraNode::reconfigureCallback(const astra_camera::AstraConfig&, uint32_t)[m[K’:
[01m[K/home/frankaros/TFG_Percepcion_visual_de_objetos_y_humanos_para_tareas_de_manipulacion_colaborativas/ws_davidpacios/src/ros_astra_camera/include/openni2/OpenNI.h:287:62:[m[K [01;35m[Kwarning: [m[K‘[01m[Kvideo_mode[m[K’ may be used uninitialized in this function [[01;35m[K-Wmaybe-uninitialized[m[K]
  287 |  void setPixelFormat(PixelFormat format) { [01;35m[Kthis->pixelFormat = (OniPixelFormat)format[m[K; }
      |                                            [01;35m[K~~~~~~~~~~~~~~~~~~^~~~~~~~~~~~~~~~~~~~~~~~[m[K
[01m[K/home/frankaros/TFG_Percepcion_visual_de_objetos_y_humanos_para_tareas_de_manipulacion_colaborativas/ws_davidpacios/src/ros_astra_camera/src/ob_camera_node.cpp:852:23:[m[K [01;36m[Knote: [m[K‘[01m[Kvideo_mode[m[K’ was declared here
  852 |     openni::VideoMode [01;36m[Kvideo_mode[m[K;
      |                       [01;36m[K^~~~~~~~~~[m[K
In file included from [01m[K/home/frankaros/TFG_Percepcion_visual_de_objetos_y_humanos_para_tareas_de_manipulacion_colaborativas/ws_davidpacios/src/ros_astra_camera/include/astra_camera/ob_camera_node.h:15[m[K,
                 from [01m[K/home/frankaros/TFG_Percepcion_visual_de_objetos_y_humanos_para_tareas_de_manipulacion_colaborativas/ws_davidpacios/src/ros_astra_camera/include/astra_camera/ob_camera_node_factory.h:26[m[K,
                 from [01m[K/home/frankaros/TFG_Percepcion_visual_de_objetos_y_humanos_para_tareas_de_manipulacion_colaborativas/ws_davidpacios/src/ros_astra_camera/src/main.cpp:15[m[K:
[01m[K/opt/ros/noetic/include/camera_info_manager/camera_info_manager.h:255:2:[m[K [01;35m[Kwarning: [m[Kextra ‘[01m[K;[m[K’ [[01;35m[K-Wpedantic[m[K]
  255 | }[01;35m[K;[m[K // namespace camera_info_manager
      |  [01;35m[K^[m[K
