[  9%] Built target controller_manager_example
[ 29%] Built target move_group_interface_tutorial
[ 29%] Built target ros_api_tutorial
[ 29%] Built target interactivity_utils
[ 31%] Built target motion_planning_pipeline_tutorial
[ 31%] Built target motion_planning_api_tutorial
[ 36%] Built target detect_and_add_cylinder_collision_object_demo
[ 40%] Built target bag_publisher_maintain_time
[ 45%] Built target robot_model_and_robot_state_tutorial
[ 50%] Built target planning_scene_tutorial
[ 54%] Built target planning_scene_ros_api_tutorial
[ 59%] Built target pick_place_tutorial
[ 63%] Built target state_display_tutorial
[ 70%] Built target trajopt_example
[ 72%] Built target subframes_tutorial
[ 77%] Built target moveit_cpp_tutorial
[ 86%] Built target moveit_lerp_planner_plugin
[ 90%] Built target visualizing_collisions_tutorial
[100%] Built target lerp_example
[100%] Built target bullet_collision_checker_tutorial
