[  2%] [34m[1mAutomatic MOC for target moveit_setup_assistant_tools[0m
[  2%] Built target moveit_setup_assistant_tools_autogen
[  7%] [32mBuilding CXX object CMakeFiles/moveit_setup_assistant_tools.dir/moveit_setup_assistant_tools_autogen/mocs_compilation.cpp.o[0m
[  7%] [32mBuilding CXX object CMakeFiles/moveit_setup_assistant_tools.dir/src/tools/compute_default_collisions.cpp.o[0m
[  9%] [32mBuilding CXX object CMakeFiles/moveit_setup_assistant_tools.dir/src/tools/moveit_config_data.cpp.o[0m
[ 12%] [32mBuilding CXX object CMakeFiles/moveit_setup_assistant_tools.dir/src/tools/collision_linear_model.cpp.o[0m
[ 14%] [32mBuilding CXX object CMakeFiles/moveit_setup_assistant_tools.dir/src/tools/xml_manipulation.cpp.o[0m
[ 19%] [32mBuilding CXX object CMakeFiles/moveit_setup_assistant_tools.dir/src/tools/collision_matrix_model.cpp.o[0m
[ 19%] [32mBuilding CXX object CMakeFiles/moveit_setup_assistant_tools.dir/src/tools/rotated_header_view.cpp.o[0m
[ 21%] [32mBuilding CXX object CMakeFiles/moveit_setup_assistant_tools.dir/src/tools/xml_syntax_highlighter.cpp.o[0m
[ 24%] [32m[1mLinking CXX shared library /home/frankaros/TFG_Percepcion_visual_de_objetos_y_humanos_para_tareas_de_manipulacion_colaborativas/ws_davidpacios/devel/.private/moveit_setup_assistant/lib/libmoveit_setup_assistant_tools.so[0m
[ 24%] Built target moveit_setup_assistant_tools
[ 29%] [34m[1mAutomatic MOC for target moveit_setup_assistant_updater[0m
[ 29%] [34m[1mAutomatic MOC for target moveit_setup_assistant_widgets[0m
[ 29%] Built target moveit_setup_assistant_updater_autogen
[ 31%] [32mBuilding CXX object CMakeFiles/moveit_setup_assistant_updater.dir/moveit_setup_assistant_updater_autogen/mocs_compilation.cpp.o[0m
[ 34%] [32mBuilding CXX object CMakeFiles/moveit_setup_assistant_updater.dir/src/collisions_updater.cpp.o[0m
[ 34%] Built target moveit_setup_assistant_widgets_autogen
[ 36%] [32mBuilding CXX object CMakeFiles/moveit_setup_assistant_widgets.dir/moveit_setup_assistant_widgets_autogen/mocs_compilation.cpp.o[0m
[ 39%] [32mBuilding CXX object CMakeFiles/moveit_setup_assistant_widgets.dir/src/widgets/planning_groups_widget.cpp.o[0m
[ 41%] [32mBuilding CXX object CMakeFiles/moveit_setup_assistant_widgets.dir/src/widgets/start_screen_widget.cpp.o[0m
[ 43%] [32mBuilding CXX object CMakeFiles/moveit_setup_assistant_widgets.dir/src/widgets/double_list_widget.cpp.o[0m
[ 46%] [32mBuilding CXX object CMakeFiles/moveit_setup_assistant_widgets.dir/src/widgets/kinematic_chain_widget.cpp.o[0m
[ 48%] [32mBuilding CXX object CMakeFiles/moveit_setup_assistant_widgets.dir/src/widgets/group_edit_widget.cpp.o[0m
[ 51%] [32mBuilding CXX object CMakeFiles/moveit_setup_assistant_widgets.dir/src/widgets/default_collisions_widget.cpp.o[0m
[ 53%] [32m[1mLinking CXX executable /home/frankaros/TFG_Percepcion_visual_de_objetos_y_humanos_para_tareas_de_manipulacion_colaborativas/ws_davidpacios/devel/.private/moveit_setup_assistant/lib/moveit_setup_assistant/collisions_updater[0m
[ 53%] Built target moveit_setup_assistant_updater
[ 56%] [32mBuilding CXX object CMakeFiles/moveit_setup_assistant_widgets.dir/src/widgets/robot_poses_widget.cpp.o[0m
[ 58%] [32mBuilding CXX object CMakeFiles/moveit_setup_assistant_widgets.dir/src/widgets/end_effectors_widget.cpp.o[0m
[ 60%] [32mBuilding CXX object CMakeFiles/moveit_setup_assistant_widgets.dir/src/widgets/virtual_joints_widget.cpp.o[0m
[ 63%] [32mBuilding CXX object CMakeFiles/moveit_setup_assistant_widgets.dir/src/widgets/passive_joints_widget.cpp.o[0m
[ 65%] [32mBuilding CXX object CMakeFiles/moveit_setup_assistant_widgets.dir/src/widgets/perception_widget.cpp.o[0m
[ 68%] [32mBuilding CXX object CMakeFiles/moveit_setup_assistant_widgets.dir/src/widgets/configuration_files_widget.cpp.o[0m
[ 70%] [32mBuilding CXX object CMakeFiles/moveit_setup_assistant_widgets.dir/src/widgets/controllers_widget.cpp.o[0m
[ 73%] [32mBuilding CXX object CMakeFiles/moveit_setup_assistant_widgets.dir/src/widgets/controller_edit_widget.cpp.o[0m
[ 75%] [32mBuilding CXX object CMakeFiles/moveit_setup_assistant_widgets.dir/src/widgets/navigation_widget.cpp.o[0m
[ 78%] [32mBuilding CXX object CMakeFiles/moveit_setup_assistant_widgets.dir/src/widgets/header_widget.cpp.o[0m
[ 80%] [32mBuilding CXX object CMakeFiles/moveit_setup_assistant_widgets.dir/src/widgets/setup_assistant_widget.cpp.o[0m
[ 82%] [32mBuilding CXX object CMakeFiles/moveit_setup_assistant_widgets.dir/src/widgets/setup_screen_widget.cpp.o[0m
[ 85%] [32mBuilding CXX object CMakeFiles/moveit_setup_assistant_widgets.dir/src/widgets/simulation_widget.cpp.o[0m
[ 87%] [32mBuilding CXX object CMakeFiles/moveit_setup_assistant_widgets.dir/src/widgets/author_information_widget.cpp.o[0m
[ 90%] [32m[1mLinking CXX shared library /home/frankaros/TFG_Percepcion_visual_de_objetos_y_humanos_para_tareas_de_manipulacion_colaborativas/ws_davidpacios/devel/.private/moveit_setup_assistant/lib/libmoveit_setup_assistant_widgets.so[0m
[ 90%] Built target moveit_setup_assistant_widgets
[ 92%] [34m[1mAutomatic MOC for target moveit_setup_assistant[0m
[ 92%] Built target moveit_setup_assistant_autogen
[ 95%] [32mBuilding CXX object CMakeFiles/moveit_setup_assistant.dir/moveit_setup_assistant_autogen/mocs_compilation.cpp.o[0m
[ 97%] [32mBuilding CXX object CMakeFiles/moveit_setup_assistant.dir/src/setup_assistant_main.cpp.o[0m
[100%] [32m[1mLinking CXX executable /home/frankaros/TFG_Percepcion_visual_de_objetos_y_humanos_para_tareas_de_manipulacion_colaborativas/ws_davidpacios/devel/.private/moveit_setup_assistant/lib/moveit_setup_assistant/moveit_setup_assistant[0m
[100%] Built target moveit_setup_assistant
