Symlinking /home/frankaros/TFG_Percepcion_visual_de_objetos_y_humanos_para_tareas_de_manipulacion_colaborativas/ws_davidpacios/devel/share/moveit_ros_planning/cmake/moveit_ros_planningConfig.cmake
Symlinking /home/frankaros/TFG_Percepcion_visual_de_objetos_y_humanos_para_tareas_de_manipulacion_colaborativas/ws_davidpacios/devel/share/moveit_ros_planning/cmake/moveit_ros_planningConfig-version.cmake
Symlinking /home/frankaros/TFG_Percepcion_visual_de_objetos_y_humanos_para_tareas_de_manipulacion_colaborativas/ws_davidpacios/devel/share/moveit_ros_planning/docs/PlanExecutionDynamicReconfigureConfig-usage.dox
Symlinking /home/frankaros/TFG_Percepcion_visual_de_objetos_y_humanos_para_tareas_de_manipulacion_colaborativas/ws_davidpacios/devel/share/moveit_ros_planning/docs/PlanningSceneMonitorDynamicReconfigureConfig.wikidoc
Symlinking /home/frankaros/TFG_Percepcion_visual_de_objetos_y_humanos_para_tareas_de_manipulacion_colaborativas/ws_davidpacios/devel/share/moveit_ros_planning/docs/TrajectoryExecutionDynamicReconfigureConfig.dox
Symlinking /home/frankaros/TFG_Percepcion_visual_de_objetos_y_humanos_para_tareas_de_manipulacion_colaborativas/ws_davidpacios/devel/share/moveit_ros_planning/docs/PlanExecutionDynamicReconfigureConfig.dox
Symlinking /home/frankaros/TFG_Percepcion_visual_de_objetos_y_humanos_para_tareas_de_manipulacion_colaborativas/ws_davidpacios/devel/share/moveit_ros_planning/docs/SenseForPlanDynamicReconfigureConfig.dox
Symlinking /home/frankaros/TFG_Percepcion_visual_de_objetos_y_humanos_para_tareas_de_manipulacion_colaborativas/ws_davidpacios/devel/share/moveit_ros_planning/docs/PlanningSceneMonitorDynamicReconfigureConfig-usage.dox
Symlinking /home/frankaros/TFG_Percepcion_visual_de_objetos_y_humanos_para_tareas_de_manipulacion_colaborativas/ws_davidpacios/devel/share/moveit_ros_planning/docs/TrajectoryExecutionDynamicReconfigureConfig-usage.dox
Symlinking /home/frankaros/TFG_Percepcion_visual_de_objetos_y_humanos_para_tareas_de_manipulacion_colaborativas/ws_davidpacios/devel/share/moveit_ros_planning/docs/SenseForPlanDynamicReconfigureConfig-usage.dox
Symlinking /home/frankaros/TFG_Percepcion_visual_de_objetos_y_humanos_para_tareas_de_manipulacion_colaborativas/ws_davidpacios/devel/share/moveit_ros_planning/docs/PlanningSceneMonitorDynamicReconfigureConfig.dox
Symlinking /home/frankaros/TFG_Percepcion_visual_de_objetos_y_humanos_para_tareas_de_manipulacion_colaborativas/ws_davidpacios/devel/share/moveit_ros_planning/docs/SenseForPlanDynamicReconfigureConfig.wikidoc
Symlinking /home/frankaros/TFG_Percepcion_visual_de_objetos_y_humanos_para_tareas_de_manipulacion_colaborativas/ws_davidpacios/devel/share/moveit_ros_planning/docs/TrajectoryExecutionDynamicReconfigureConfig.wikidoc
Symlinking /home/frankaros/TFG_Percepcion_visual_de_objetos_y_humanos_para_tareas_de_manipulacion_colaborativas/ws_davidpacios/devel/share/moveit_ros_planning/docs/PlanExecutionDynamicReconfigureConfig.wikidoc
Symlinking /home/frankaros/TFG_Percepcion_visual_de_objetos_y_humanos_para_tareas_de_manipulacion_colaborativas/ws_davidpacios/devel/include/moveit_ros_planning/TrajectoryExecutionDynamicReconfigureConfig.h
Symlinking /home/frankaros/TFG_Percepcion_visual_de_objetos_y_humanos_para_tareas_de_manipulacion_colaborativas/ws_davidpacios/devel/include/moveit_ros_planning/PlanningSceneMonitorDynamicReconfigureConfig.h
Symlinking /home/frankaros/TFG_Percepcion_visual_de_objetos_y_humanos_para_tareas_de_manipulacion_colaborativas/ws_davidpacios/devel/include/moveit_ros_planning/SenseForPlanDynamicReconfigureConfig.h
Symlinking /home/frankaros/TFG_Percepcion_visual_de_objetos_y_humanos_para_tareas_de_manipulacion_colaborativas/ws_davidpacios/devel/include/moveit_ros_planning/PlanExecutionDynamicReconfigureConfig.h
Symlinking /home/frankaros/TFG_Percepcion_visual_de_objetos_y_humanos_para_tareas_de_manipulacion_colaborativas/ws_davidpacios/devel/lib/libmoveit_planning_scene_monitor.so.1.1.13
Symlinking /home/frankaros/TFG_Percepcion_visual_de_objetos_y_humanos_para_tareas_de_manipulacion_colaborativas/ws_davidpacios/devel/lib/libmoveit_plan_execution.so.1.1.13
Symlinking /home/frankaros/TFG_Percepcion_visual_de_objetos_y_humanos_para_tareas_de_manipulacion_colaborativas/ws_davidpacios/devel/lib/libmoveit_plan_execution.so
Symlinking /home/frankaros/TFG_Percepcion_visual_de_objetos_y_humanos_para_tareas_de_manipulacion_colaborativas/ws_davidpacios/devel/lib/libmoveit_robot_model_loader.so
Symlinking /home/frankaros/TFG_Percepcion_visual_de_objetos_y_humanos_para_tareas_de_manipulacion_colaborativas/ws_davidpacios/devel/lib/libmoveit_kinematics_plugin_loader.so.1.1.13
Symlinking /home/frankaros/TFG_Percepcion_visual_de_objetos_y_humanos_para_tareas_de_manipulacion_colaborativas/ws_davidpacios/devel/lib/libmoveit_cpp.so.1.1.13
Symlinking /home/frankaros/TFG_Percepcion_visual_de_objetos_y_humanos_para_tareas_de_manipulacion_colaborativas/ws_davidpacios/devel/lib/libmoveit_constraint_sampler_manager_loader.so.1.1.13
Symlinking /home/frankaros/TFG_Percepcion_visual_de_objetos_y_humanos_para_tareas_de_manipulacion_colaborativas/ws_davidpacios/devel/lib/libmoveit_rdf_loader.so.1.1.13
Symlinking /home/frankaros/TFG_Percepcion_visual_de_objetos_y_humanos_para_tareas_de_manipulacion_colaborativas/ws_davidpacios/devel/lib/libmoveit_planning_pipeline.so
Symlinking /home/frankaros/TFG_Percepcion_visual_de_objetos_y_humanos_para_tareas_de_manipulacion_colaborativas/ws_davidpacios/devel/lib/libmoveit_collision_plugin_loader.so.1.1.13
Symlinking /home/frankaros/TFG_Percepcion_visual_de_objetos_y_humanos_para_tareas_de_manipulacion_colaborativas/ws_davidpacios/devel/lib/libmoveit_constraint_sampler_manager_loader.so
Symlinking /home/frankaros/TFG_Percepcion_visual_de_objetos_y_humanos_para_tareas_de_manipulacion_colaborativas/ws_davidpacios/devel/lib/libmoveit_default_planning_request_adapter_plugins.so.1.1.13
Symlinking /home/frankaros/TFG_Percepcion_visual_de_objetos_y_humanos_para_tareas_de_manipulacion_colaborativas/ws_davidpacios/devel/lib/libmoveit_trajectory_execution_manager.so.1.1.13
Symlinking /home/frankaros/TFG_Percepcion_visual_de_objetos_y_humanos_para_tareas_de_manipulacion_colaborativas/ws_davidpacios/devel/lib/libmoveit_planning_pipeline.so.1.1.13
Symlinking /home/frankaros/TFG_Percepcion_visual_de_objetos_y_humanos_para_tareas_de_manipulacion_colaborativas/ws_davidpacios/devel/lib/libmoveit_cpp.so
Symlinking /home/frankaros/TFG_Percepcion_visual_de_objetos_y_humanos_para_tareas_de_manipulacion_colaborativas/ws_davidpacios/devel/lib/libmoveit_collision_plugin_loader.so
Symlinking /home/frankaros/TFG_Percepcion_visual_de_objetos_y_humanos_para_tareas_de_manipulacion_colaborativas/ws_davidpacios/devel/lib/libmoveit_robot_model_loader.so.1.1.13
Symlinking /home/frankaros/TFG_Percepcion_visual_de_objetos_y_humanos_para_tareas_de_manipulacion_colaborativas/ws_davidpacios/devel/lib/libmoveit_kinematics_plugin_loader.so
Symlinking /home/frankaros/TFG_Percepcion_visual_de_objetos_y_humanos_para_tareas_de_manipulacion_colaborativas/ws_davidpacios/devel/lib/libmoveit_trajectory_execution_manager.so
Symlinking /home/frankaros/TFG_Percepcion_visual_de_objetos_y_humanos_para_tareas_de_manipulacion_colaborativas/ws_davidpacios/devel/lib/libmoveit_rdf_loader.so
Symlinking /home/frankaros/TFG_Percepcion_visual_de_objetos_y_humanos_para_tareas_de_manipulacion_colaborativas/ws_davidpacios/devel/lib/libmoveit_default_planning_request_adapter_plugins.so
Symlinking /home/frankaros/TFG_Percepcion_visual_de_objetos_y_humanos_para_tareas_de_manipulacion_colaborativas/ws_davidpacios/devel/lib/libmoveit_planning_scene_monitor.so
Symlinking /home/frankaros/TFG_Percepcion_visual_de_objetos_y_humanos_para_tareas_de_manipulacion_colaborativas/ws_davidpacios/devel/lib/pkgconfig/moveit_ros_planning.pc
Symlinking /home/frankaros/TFG_Percepcion_visual_de_objetos_y_humanos_para_tareas_de_manipulacion_colaborativas/ws_davidpacios/devel/lib/python3/dist-packages/moveit_ros_planning/__init__.py
Symlinking /home/frankaros/TFG_Percepcion_visual_de_objetos_y_humanos_para_tareas_de_manipulacion_colaborativas/ws_davidpacios/devel/lib/python3/dist-packages/moveit_ros_planning/cfg/__init__.py
Symlinking /home/frankaros/TFG_Percepcion_visual_de_objetos_y_humanos_para_tareas_de_manipulacion_colaborativas/ws_davidpacios/devel/lib/python3/dist-packages/moveit_ros_planning/cfg/SenseForPlanDynamicReconfigureConfig.py
Symlinking /home/frankaros/TFG_Percepcion_visual_de_objetos_y_humanos_para_tareas_de_manipulacion_colaborativas/ws_davidpacios/devel/lib/python3/dist-packages/moveit_ros_planning/cfg/TrajectoryExecutionDynamicReconfigureConfig.py
Symlinking /home/frankaros/TFG_Percepcion_visual_de_objetos_y_humanos_para_tareas_de_manipulacion_colaborativas/ws_davidpacios/devel/lib/python3/dist-packages/moveit_ros_planning/cfg/PlanningSceneMonitorDynamicReconfigureConfig.py
Symlinking /home/frankaros/TFG_Percepcion_visual_de_objetos_y_humanos_para_tareas_de_manipulacion_colaborativas/ws_davidpacios/devel/lib/python3/dist-packages/moveit_ros_planning/cfg/PlanExecutionDynamicReconfigureConfig.py
Symlinking /home/frankaros/TFG_Percepcion_visual_de_objetos_y_humanos_para_tareas_de_manipulacion_colaborativas/ws_davidpacios/devel/lib/moveit_ros_planning/moveit_visualize_robot_collision_volume
Symlinking /home/frankaros/TFG_Percepcion_visual_de_objetos_y_humanos_para_tareas_de_manipulacion_colaborativas/ws_davidpacios/devel/lib/moveit_ros_planning/moveit_evaluate_collision_checking_speed
Symlinking /home/frankaros/TFG_Percepcion_visual_de_objetos_y_humanos_para_tareas_de_manipulacion_colaborativas/ws_davidpacios/devel/lib/moveit_ros_planning/moveit_print_planning_model_info
Symlinking /home/frankaros/TFG_Percepcion_visual_de_objetos_y_humanos_para_tareas_de_manipulacion_colaborativas/ws_davidpacios/devel/lib/moveit_ros_planning/moveit_publish_scene_from_text
Symlinking /home/frankaros/TFG_Percepcion_visual_de_objetos_y_humanos_para_tareas_de_manipulacion_colaborativas/ws_davidpacios/devel/lib/moveit_ros_planning/demo_scene
Symlinking /home/frankaros/TFG_Percepcion_visual_de_objetos_y_humanos_para_tareas_de_manipulacion_colaborativas/ws_davidpacios/devel/lib/moveit_ros_planning/moveit_list_request_adapter_plugins
Symlinking /home/frankaros/TFG_Percepcion_visual_de_objetos_y_humanos_para_tareas_de_manipulacion_colaborativas/ws_davidpacios/devel/lib/moveit_ros_planning/moveit_print_planning_scene_info
Symlinking /home/frankaros/TFG_Percepcion_visual_de_objetos_y_humanos_para_tareas_de_manipulacion_colaborativas/ws_davidpacios/devel/lib/moveit_ros_planning/moveit_evaluate_state_operations_speed
Symlinking /home/frankaros/TFG_Percepcion_visual_de_objetos_y_humanos_para_tareas_de_manipulacion_colaborativas/ws_davidpacios/devel/lib/moveit_ros_planning/moveit_display_random_state
Symlinking /home/frankaros/TFG_Percepcion_visual_de_objetos_y_humanos_para_tareas_de_manipulacion_colaborativas/ws_davidpacios/devel/lib/moveit_ros_planning/moveit_compare_collision_checking_speed_fcl_bullet
Symlinking /home/frankaros/TFG_Percepcion_visual_de_objetos_y_humanos_para_tareas_de_manipulacion_colaborativas/ws_davidpacios/devel/lib/moveit_ros_planning/moveit_kinematics_speed_and_validity_evaluator
