[  4%] Built target moveit_msgs_generate_messages_nodejs
[  9%] [32mBuilding CXX object py_bindings_tools/CMakeFiles/moveit_py_bindings_tools.dir/src/roscpp_initializer.cpp.o[0m
[  9%] [32mBuilding CXX object common_planning_interface_objects/CMakeFiles/moveit_common_planning_interface_objects.dir/src/common_objects.cpp.o[0m
[  9%] Built target moveit_msgs_generate_messages_lisp
[  9%] Built target moveit_msgs_generate_messages_py
[  9%] Built target moveit_msgs_generate_messages_cpp
[  9%] Built target std_msgs_generate_messages_cpp
[  9%] Built target moveit_msgs_generate_messages_eus
[  9%] Built target std_msgs_generate_messages_eus
[  9%] Built target std_msgs_generate_messages_lisp
[  9%] Built target std_msgs_generate_messages_py
[  9%] Built target actionlib_msgs_generate_messages_cpp
[  9%] Built target actionlib_msgs_generate_messages_eus
[  9%] Built target std_msgs_generate_messages_nodejs
[  9%] Built target actionlib_msgs_generate_messages_lisp
[  9%] Built target actionlib_msgs_generate_messages_nodejs
[  9%] Built target actionlib_msgs_generate_messages_py
[  9%] Built target _catkin_empty_exported_target
[  9%] Built target sensor_msgs_generate_messages_eus
[  9%] Built target sensor_msgs_generate_messages_cpp
[  9%] Built target sensor_msgs_generate_messages_py
[  9%] Built target sensor_msgs_generate_messages_nodejs
[  9%] Built target geometry_msgs_generate_messages_cpp
[  9%] Built target geometry_msgs_generate_messages_eus
[  9%] Built target geometry_msgs_generate_messages_lisp
[  9%] Built target sensor_msgs_generate_messages_lisp
[  9%] Built target geometry_msgs_generate_messages_py
[  9%] Built target trajectory_msgs_generate_messages_cpp
[  9%] Built target trajectory_msgs_generate_messages_lisp
[  9%] Built target trajectory_msgs_generate_messages_eus
[  9%] Built target geometry_msgs_generate_messages_nodejs
[  9%] Built target trajectory_msgs_generate_messages_nodejs
[  9%] Built target trajectory_msgs_generate_messages_py
[  9%] Built target shape_msgs_generate_messages_eus
[  9%] Built target shape_msgs_generate_messages_nodejs
[  9%] Built target shape_msgs_generate_messages_py
[  9%] Built target object_recognition_msgs_generate_messages_cpp
[  9%] Built target shape_msgs_generate_messages_cpp
[  9%] Built target shape_msgs_generate_messages_lisp
[  9%] Built target object_recognition_msgs_generate_messages_eus
[  9%] Built target object_recognition_msgs_generate_messages_nodejs
[  9%] Built target object_recognition_msgs_generate_messages_lisp
[  9%] Built target object_recognition_msgs_generate_messages_py
[  9%] Built target octomap_msgs_generate_messages_cpp
[  9%] Built target octomap_msgs_generate_messages_eus
[  9%] Built target octomap_msgs_generate_messages_lisp
[  9%] Built target octomap_msgs_generate_messages_nodejs
[  9%] Built target moveit_ros_planning_gencfg
[  9%] Built target octomap_msgs_generate_messages_py
[  9%] Built target actionlib_generate_messages_cpp
[  9%] Built target actionlib_generate_messages_eus
[  9%] Built target actionlib_generate_messages_lisp
[  9%] Built target roscpp_generate_messages_eus
[  9%] Built target roscpp_generate_messages_cpp
[  9%] Built target roscpp_generate_messages_lisp
[  9%] Built target actionlib_generate_messages_py
[  9%] Built target actionlib_generate_messages_nodejs
[  9%] Built target rosgraph_msgs_generate_messages_cpp
[  9%] Built target roscpp_generate_messages_py
[  9%] Built target roscpp_generate_messages_nodejs
[  9%] Built target rosgraph_msgs_generate_messages_eus
[  9%] Built target rosgraph_msgs_generate_messages_nodejs
[  9%] Built target rosgraph_msgs_generate_messages_py
[  9%] Built target dynamic_reconfigure_generate_messages_eus
[  9%] Built target dynamic_reconfigure_generate_messages_lisp
[  9%] Built target rosgraph_msgs_generate_messages_lisp
[  9%] Built target dynamic_reconfigure_generate_messages_cpp
[  9%] Built target dynamic_reconfigure_generate_messages_nodejs
[  9%] Built target dynamic_reconfigure_gencfg
[  9%] Built target dynamic_reconfigure_generate_messages_py
[  9%] Built target visualization_msgs_generate_messages_eus
[  9%] Built target visualization_msgs_generate_messages_cpp
[  9%] Built target visualization_msgs_generate_messages_lisp
[  9%] Built target visualization_msgs_generate_messages_nodejs
[  9%] Built target tf2_msgs_generate_messages_eus
[  9%] Built target tf2_msgs_generate_messages_cpp
[  9%] Built target visualization_msgs_generate_messages_py
[  9%] Built target tf2_msgs_generate_messages_lisp
[  9%] Built target tf2_msgs_generate_messages_nodejs
[  9%] Built target tf_generate_messages_cpp
[  9%] Built target tf_generate_messages_eus
[  9%] Built target tf2_msgs_generate_messages_py
[  9%] Built target tf_generate_messages_nodejs
[  9%] Built target tf_generate_messages_lisp
[  9%] Built target moveit_ros_manipulation_gencfg
[  9%] Built target tf_generate_messages_py
[  9%] Built target std_srvs_generate_messages_cpp
[  9%] Built target std_srvs_generate_messages_eus
[  9%] Built target std_srvs_generate_messages_lisp
[  9%] Built target std_srvs_generate_messages_nodejs
[  9%] Built target std_srvs_generate_messages_py
[ 13%] [32m[1mLinking CXX shared library /home/frankaros/TFG_Percepcion_visual_de_objetos_y_humanos_para_tareas_de_manipulacion_colaborativas/ws_davidpacios/devel/.private/moveit_ros_planning_interface/lib/libmoveit_py_bindings_tools.so[0m
[ 13%] Built target moveit_py_bindings_tools
[ 18%] [32mBuilding CXX object py_bindings_tools/CMakeFiles/moveit_py_bindings_tools_python.dir/src/wrap_python_roscpp_initializer.cpp.o[0m
[ 22%] [32mBuilding CXX object test/CMakeFiles/moveit_planning_interface_test_serialize_msg_cpp_helper.dir/serialize_msg_python_cpp_helpers.cpp.o[0m
[ 27%] [32m[1mLinking CXX shared library /home/frankaros/TFG_Percepcion_visual_de_objetos_y_humanos_para_tareas_de_manipulacion_colaborativas/ws_davidpacios/devel/.private/moveit_ros_planning_interface/lib/libmoveit_common_planning_interface_objects.so[0m
[ 27%] Built target moveit_common_planning_interface_objects
[ 31%] [32mBuilding CXX object planning_scene_interface/CMakeFiles/moveit_planning_scene_interface.dir/src/planning_scene_interface.cpp.o[0m
[ 36%] [32mBuilding CXX object robot_interface/CMakeFiles/moveit_robot_interface_python.dir/src/wrap_python_robot_interface.cpp.o[0m
[ 40%] [32m[1mLinking CXX shared library /home/frankaros/TFG_Percepcion_visual_de_objetos_y_humanos_para_tareas_de_manipulacion_colaborativas/ws_davidpacios/devel/.private/moveit_ros_planning_interface/lib/python3/dist-packages/moveit_ros_planning_interface/_moveit_roscpp_initializer.so[0m
[ 40%] Built target moveit_py_bindings_tools_python
[ 45%] [32m[1mLinking CXX shared library /home/frankaros/TFG_Percepcion_visual_de_objetos_y_humanos_para_tareas_de_manipulacion_colaborativas/ws_davidpacios/devel/.private/moveit_ros_planning_interface/lib/python3/dist-packages/moveit_ros_planning_interface/_moveit_planning_interface_test_serialize_msg_cpp_helper.so[0m
[ 45%] Built target moveit_planning_interface_test_serialize_msg_cpp_helper
[ 50%] [32m[1mLinking CXX shared library /home/frankaros/TFG_Percepcion_visual_de_objetos_y_humanos_para_tareas_de_manipulacion_colaborativas/ws_davidpacios/devel/.private/moveit_ros_planning_interface/lib/libmoveit_planning_scene_interface.so[0m
[ 50%] Built target moveit_planning_scene_interface
[ 59%] [32mBuilding CXX object move_group_interface/CMakeFiles/moveit_move_group_interface.dir/src/move_group_interface.cpp.o[0m
[ 59%] [32mBuilding CXX object planning_scene_interface/CMakeFiles/moveit_planning_scene_interface_python.dir/src/wrap_python_planning_scene_interface.cpp.o[0m
[ 63%] [32m[1mLinking CXX shared library /home/frankaros/TFG_Percepcion_visual_de_objetos_y_humanos_para_tareas_de_manipulacion_colaborativas/ws_davidpacios/devel/.private/moveit_ros_planning_interface/lib/python3/dist-packages/moveit_ros_planning_interface/_moveit_robot_interface.so[0m
[ 63%] Built target moveit_robot_interface_python
[ 68%] [32m[1mLinking CXX shared library /home/frankaros/TFG_Percepcion_visual_de_objetos_y_humanos_para_tareas_de_manipulacion_colaborativas/ws_davidpacios/devel/.private/moveit_ros_planning_interface/lib/python3/dist-packages/moveit_ros_planning_interface/_moveit_planning_scene_interface.so[0m
[ 68%] Built target moveit_planning_scene_interface_python
[ 72%] [32m[1mLinking CXX shared library /home/frankaros/TFG_Percepcion_visual_de_objetos_y_humanos_para_tareas_de_manipulacion_colaborativas/ws_davidpacios/devel/.private/moveit_ros_planning_interface/lib/libmoveit_move_group_interface.so[0m
[ 72%] Built target moveit_move_group_interface
[ 77%] [32mBuilding CXX object test/CMakeFiles/test_cleanup.dir/test_cleanup.cpp.o[0m
[ 86%] [32mBuilding CXX object move_group_interface/CMakeFiles/demo.dir/src/demo.cpp.o[0m
[ 86%] [32mBuilding CXX object move_group_interface/CMakeFiles/moveit_move_group_interface_python.dir/src/wrap_python_move_group.cpp.o[0m
[ 90%] [32m[1mLinking CXX executable /home/frankaros/TFG_Percepcion_visual_de_objetos_y_humanos_para_tareas_de_manipulacion_colaborativas/ws_davidpacios/devel/.private/moveit_ros_planning_interface/lib/moveit_ros_planning_interface/test_cleanup[0m
[ 90%] Built target test_cleanup
[ 95%] [32m[1mLinking CXX executable /home/frankaros/TFG_Percepcion_visual_de_objetos_y_humanos_para_tareas_de_manipulacion_colaborativas/ws_davidpacios/devel/.private/moveit_ros_planning_interface/lib/moveit_ros_planning_interface/demo[0m
[ 95%] Built target demo
[100%] [32m[1mLinking CXX shared library /home/frankaros/TFG_Percepcion_visual_de_objetos_y_humanos_para_tareas_de_manipulacion_colaborativas/ws_davidpacios/devel/.private/moveit_ros_planning_interface/lib/python3/dist-packages/moveit_ros_planning_interface/_moveit_move_group_interface.so[0m
[100%] Built target moveit_move_group_interface_python
